2023-05-25 13:29:50,570 [Worker-2: Loading available Gradle versions] INFO  o.e.b.c.i.u.g.PublishedGradleVersions - Gradle version information cache is up-to-date. Trying to read.
2023-05-25 13:33:08,429 [Worker-18: Launching mavenrun-dfc52008-92d6-4e01-b345-d1ec23559c15] INFO  o.eclipse.m2e.core.internal.Bundles - getClasspathEntries(Bundle=org.eclipse.m2e.maven.runtime_3.8.604.20221130-2149 [269])
2023-05-25 13:33:08,446 [Worker-18: Launching mavenrun-dfc52008-92d6-4e01-b345-d1ec23559c15] INFO  o.eclipse.m2e.core.internal.Bundles - 	Entry: C:\Users\sachi\.p2\pool\plugins\org.eclipse.m2e.maven.runtime_3.8.604.20221130-2149
2023-05-25 13:33:08,446 [Worker-18: Launching mavenrun-dfc52008-92d6-4e01-b345-d1ec23559c15] INFO  o.eclipse.m2e.core.internal.Bundles - 	Entry: C:\Users\sachi\.p2\pool\plugins\org.eclipse.m2e.maven.runtime_3.8.604.20221130-2149\jars\aether-connector-okhttp-0.17.8.jar
2023-05-25 13:33:08,447 [Worker-18: Launching mavenrun-dfc52008-92d6-4e01-b345-d1ec23559c15] INFO  o.eclipse.m2e.core.internal.Bundles - 	Entry: C:\Users\sachi\.p2\pool\plugins\org.eclipse.m2e.maven.runtime_3.8.604.20221130-2149\jars\commons-cli-1.4.jar
2023-05-25 13:33:08,447 [Worker-18: Launching mavenrun-dfc52008-92d6-4e01-b345-d1ec23559c15] INFO  o.eclipse.m2e.core.internal.Bundles - 	Entry: C:\Users\sachi\.p2\pool\plugins\org.eclipse.m2e.maven.runtime_3.8.604.20221130-2149\jars\commons-io-2.6.jar
2023-05-25 13:33:08,447 [Worker-18: Launching mavenrun-dfc52008-92d6-4e01-b345-d1ec23559c15] INFO  o.eclipse.m2e.core.internal.Bundles - 	Entry: C:\Users\sachi\.p2\pool\plugins\org.eclipse.m2e.maven.runtime_3.8.604.20221130-2149\jars\commons-lang3-3.8.1.jar
2023-05-25 13:33:08,448 [Worker-18: Launching mavenrun-dfc52008-92d6-4e01-b345-d1ec23559c15] INFO  o.eclipse.m2e.core.internal.Bundles - 	Entry: C:\Users\sachi\.p2\pool\plugins\org.eclipse.m2e.maven.runtime_3.8.604.20221130-2149\jars\guice-4.2.2-no_aop.jar
2023-05-25 13:33:08,448 [Worker-18: Launching mavenrun-dfc52008-92d6-4e01-b345-d1ec23559c15] INFO  o.eclipse.m2e.core.internal.Bundles - 	Entry: C:\Users\sachi\.p2\pool\plugins\org.eclipse.m2e.maven.runtime_3.8.604.20221130-2149\jars\jansi-2.4.0.jar
2023-05-25 13:33:08,448 [Worker-18: Launching mavenrun-dfc52008-92d6-4e01-b345-d1ec23559c15] INFO  o.eclipse.m2e.core.internal.Bundles - 	Entry: C:\Users\sachi\.p2\pool\plugins\org.eclipse.m2e.maven.runtime_3.8.604.20221130-2149\jars\maven-artifact-3.8.6.jar
2023-05-25 13:33:08,448 [Worker-18: Launching mavenrun-dfc52008-92d6-4e01-b345-d1ec23559c15] INFO  o.eclipse.m2e.core.internal.Bundles - 	Entry: C:\Users\sachi\.p2\pool\plugins\org.eclipse.m2e.maven.runtime_3.8.604.20221130-2149\jars\maven-builder-support-3.8.6.jar
2023-05-25 13:33:08,448 [Worker-18: Launching mavenrun-dfc52008-92d6-4e01-b345-d1ec23559c15] INFO  o.eclipse.m2e.core.internal.Bundles - 	Entry: C:\Users\sachi\.p2\pool\plugins\org.eclipse.m2e.maven.runtime_3.8.604.20221130-2149\jars\maven-compat-3.8.6.jar
2023-05-25 13:33:08,449 [Worker-18: Launching mavenrun-dfc52008-92d6-4e01-b345-d1ec23559c15] INFO  o.eclipse.m2e.core.internal.Bundles - 	Entry: C:\Users\sachi\.p2\pool\plugins\org.eclipse.m2e.maven.runtime_3.8.604.20221130-2149\jars\maven-core-3.8.6.jar
2023-05-25 13:33:08,449 [Worker-18: Launching mavenrun-dfc52008-92d6-4e01-b345-d1ec23559c15] INFO  o.eclipse.m2e.core.internal.Bundles - 	Entry: C:\Users\sachi\.p2\pool\plugins\org.eclipse.m2e.maven.runtime_3.8.604.20221130-2149\jars\maven-embedder-3.8.6.jar
2023-05-25 13:33:08,449 [Worker-18: Launching mavenrun-dfc52008-92d6-4e01-b345-d1ec23559c15] INFO  o.eclipse.m2e.core.internal.Bundles - 	Entry: C:\Users\sachi\.p2\pool\plugins\org.eclipse.m2e.maven.runtime_3.8.604.20221130-2149\jars\maven-model-3.8.6.jar
2023-05-25 13:33:08,449 [Worker-18: Launching mavenrun-dfc52008-92d6-4e01-b345-d1ec23559c15] INFO  o.eclipse.m2e.core.internal.Bundles - 	Entry: C:\Users\sachi\.p2\pool\plugins\org.eclipse.m2e.maven.runtime_3.8.604.20221130-2149\jars\maven-model-builder-3.8.6.jar
2023-05-25 13:33:08,449 [Worker-18: Launching mavenrun-dfc52008-92d6-4e01-b345-d1ec23559c15] INFO  o.eclipse.m2e.core.internal.Bundles - 	Entry: C:\Users\sachi\.p2\pool\plugins\org.eclipse.m2e.maven.runtime_3.8.604.20221130-2149\jars\maven-plugin-api-3.8.6.jar
2023-05-25 13:33:08,450 [Worker-18: Launching mavenrun-dfc52008-92d6-4e01-b345-d1ec23559c15] INFO  o.eclipse.m2e.core.internal.Bundles - 	Entry: C:\Users\sachi\.p2\pool\plugins\org.eclipse.m2e.maven.runtime_3.8.604.20221130-2149\jars\maven-repository-metadata-3.8.6.jar
2023-05-25 13:33:08,450 [Worker-18: Launching mavenrun-dfc52008-92d6-4e01-b345-d1ec23559c15] INFO  o.eclipse.m2e.core.internal.Bundles - 	Entry: C:\Users\sachi\.p2\pool\plugins\org.eclipse.m2e.maven.runtime_3.8.604.20221130-2149\jars\maven-resolver-api-1.6.3.jar
2023-05-25 13:33:08,450 [Worker-18: Launching mavenrun-dfc52008-92d6-4e01-b345-d1ec23559c15] INFO  o.eclipse.m2e.core.internal.Bundles - 	Entry: C:\Users\sachi\.p2\pool\plugins\org.eclipse.m2e.maven.runtime_3.8.604.20221130-2149\jars\maven-resolver-connector-basic-1.6.3.jar
2023-05-25 13:33:08,450 [Worker-18: Launching mavenrun-dfc52008-92d6-4e01-b345-d1ec23559c15] INFO  o.eclipse.m2e.core.internal.Bundles - 	Entry: C:\Users\sachi\.p2\pool\plugins\org.eclipse.m2e.maven.runtime_3.8.604.20221130-2149\jars\maven-resolver-impl-1.6.3.jar
2023-05-25 13:33:08,451 [Worker-18: Launching mavenrun-dfc52008-92d6-4e01-b345-d1ec23559c15] INFO  o.eclipse.m2e.core.internal.Bundles - 	Entry: C:\Users\sachi\.p2\pool\plugins\org.eclipse.m2e.maven.runtime_3.8.604.20221130-2149\jars\maven-resolver-provider-3.8.6.jar
2023-05-25 13:33:08,451 [Worker-18: Launching mavenrun-dfc52008-92d6-4e01-b345-d1ec23559c15] INFO  o.eclipse.m2e.core.internal.Bundles - 	Entry: C:\Users\sachi\.p2\pool\plugins\org.eclipse.m2e.maven.runtime_3.8.604.20221130-2149\jars\maven-resolver-spi-1.6.3.jar
2023-05-25 13:33:08,451 [Worker-18: Launching mavenrun-dfc52008-92d6-4e01-b345-d1ec23559c15] INFO  o.eclipse.m2e.core.internal.Bundles - 	Entry: C:\Users\sachi\.p2\pool\plugins\org.eclipse.m2e.maven.runtime_3.8.604.20221130-2149\jars\maven-resolver-transport-wagon-1.6.3.jar
2023-05-25 13:33:08,451 [Worker-18: Launching mavenrun-dfc52008-92d6-4e01-b345-d1ec23559c15] INFO  o.eclipse.m2e.core.internal.Bundles - 	Entry: C:\Users\sachi\.p2\pool\plugins\org.eclipse.m2e.maven.runtime_3.8.604.20221130-2149\jars\maven-resolver-util-1.6.3.jar
2023-05-25 13:33:08,451 [Worker-18: Launching mavenrun-dfc52008-92d6-4e01-b345-d1ec23559c15] INFO  o.eclipse.m2e.core.internal.Bundles - 	Entry: C:\Users\sachi\.p2\pool\plugins\org.eclipse.m2e.maven.runtime_3.8.604.20221130-2149\jars\maven-settings-3.8.6.jar
2023-05-25 13:33:08,451 [Worker-18: Launching mavenrun-dfc52008-92d6-4e01-b345-d1ec23559c15] INFO  o.eclipse.m2e.core.internal.Bundles - 	Entry: C:\Users\sachi\.p2\pool\plugins\org.eclipse.m2e.maven.runtime_3.8.604.20221130-2149\jars\maven-settings-builder-3.8.6.jar
2023-05-25 13:33:08,452 [Worker-18: Launching mavenrun-dfc52008-92d6-4e01-b345-d1ec23559c15] INFO  o.eclipse.m2e.core.internal.Bundles - 	Entry: C:\Users\sachi\.p2\pool\plugins\org.eclipse.m2e.maven.runtime_3.8.604.20221130-2149\jars\maven-shared-utils-3.3.4.jar
2023-05-25 13:33:08,452 [Worker-18: Launching mavenrun-dfc52008-92d6-4e01-b345-d1ec23559c15] INFO  o.eclipse.m2e.core.internal.Bundles - 	Entry: C:\Users\sachi\.p2\pool\plugins\org.eclipse.m2e.maven.runtime_3.8.604.20221130-2149\jars\okhttp-3.14.1.jar
2023-05-25 13:33:08,452 [Worker-18: Launching mavenrun-dfc52008-92d6-4e01-b345-d1ec23559c15] INFO  o.eclipse.m2e.core.internal.Bundles - 	Entry: C:\Users\sachi\.p2\pool\plugins\org.eclipse.m2e.maven.runtime_3.8.604.20221130-2149\jars\okio-1.17.3.jar
2023-05-25 13:33:08,452 [Worker-18: Launching mavenrun-dfc52008-92d6-4e01-b345-d1ec23559c15] INFO  o.eclipse.m2e.core.internal.Bundles - 	Entry: C:\Users\sachi\.p2\pool\plugins\org.eclipse.m2e.maven.runtime_3.8.604.20221130-2149\jars\org.eclipse.sisu.inject-0.3.5.jar
2023-05-25 13:33:08,452 [Worker-18: Launching mavenrun-dfc52008-92d6-4e01-b345-d1ec23559c15] INFO  o.eclipse.m2e.core.internal.Bundles - 	Entry: C:\Users\sachi\.p2\pool\plugins\org.eclipse.m2e.maven.runtime_3.8.604.20221130-2149\jars\org.eclipse.sisu.plexus-0.3.5.jar
2023-05-25 13:33:08,453 [Worker-18: Launching mavenrun-dfc52008-92d6-4e01-b345-d1ec23559c15] INFO  o.eclipse.m2e.core.internal.Bundles - 	Entry: C:\Users\sachi\.p2\pool\plugins\org.eclipse.m2e.maven.runtime_3.8.604.20221130-2149\jars\plexus-build-api-0.0.7.jar
2023-05-25 13:33:08,453 [Worker-18: Launching mavenrun-dfc52008-92d6-4e01-b345-d1ec23559c15] INFO  o.eclipse.m2e.core.internal.Bundles - 	Entry: C:\Users\sachi\.p2\pool\plugins\org.eclipse.m2e.maven.runtime_3.8.604.20221130-2149\jars\plexus-cipher-2.0.jar
2023-05-25 13:33:08,453 [Worker-18: Launching mavenrun-dfc52008-92d6-4e01-b345-d1ec23559c15] INFO  o.eclipse.m2e.core.internal.Bundles - 	Entry: C:\Users\sachi\.p2\pool\plugins\org.eclipse.m2e.maven.runtime_3.8.604.20221130-2149\jars\plexus-classworlds-2.6.0.jar
2023-05-25 13:33:08,453 [Worker-18: Launching mavenrun-dfc52008-92d6-4e01-b345-d1ec23559c15] INFO  o.eclipse.m2e.core.internal.Bundles - 	Entry: C:\Users\sachi\.p2\pool\plugins\org.eclipse.m2e.maven.runtime_3.8.604.20221130-2149\jars\plexus-component-annotations-2.1.0.jar
2023-05-25 13:33:08,453 [Worker-18: Launching mavenrun-dfc52008-92d6-4e01-b345-d1ec23559c15] INFO  o.eclipse.m2e.core.internal.Bundles - 	Entry: C:\Users\sachi\.p2\pool\plugins\org.eclipse.m2e.maven.runtime_3.8.604.20221130-2149\jars\plexus-interpolation-1.26.jar
2023-05-25 13:33:08,454 [Worker-18: Launching mavenrun-dfc52008-92d6-4e01-b345-d1ec23559c15] INFO  o.eclipse.m2e.core.internal.Bundles - 	Entry: C:\Users\sachi\.p2\pool\plugins\org.eclipse.m2e.maven.runtime_3.8.604.20221130-2149\jars\plexus-sec-dispatcher-2.0.jar
2023-05-25 13:33:08,454 [Worker-18: Launching mavenrun-dfc52008-92d6-4e01-b345-d1ec23559c15] INFO  o.eclipse.m2e.core.internal.Bundles - 	Entry: C:\Users\sachi\.p2\pool\plugins\org.eclipse.m2e.maven.runtime_3.8.604.20221130-2149\jars\plexus-utils-3.3.1.jar
2023-05-25 13:33:08,454 [Worker-18: Launching mavenrun-dfc52008-92d6-4e01-b345-d1ec23559c15] INFO  o.eclipse.m2e.core.internal.Bundles - 	Entry: C:\Users\sachi\.p2\pool\plugins\org.eclipse.m2e.maven.runtime_3.8.604.20221130-2149\jars\wagon-file-3.5.1.jar
2023-05-25 13:33:08,467 [Worker-18: Launching mavenrun-dfc52008-92d6-4e01-b345-d1ec23559c15] INFO  o.eclipse.m2e.core.internal.Bundles - 	Entry: C:\Users\sachi\.p2\pool\plugins\org.eclipse.m2e.maven.runtime_3.8.604.20221130-2149\jars\wagon-provider-api-3.5.1.jar
2023-05-25 13:33:08,470 [Worker-18: Launching mavenrun-dfc52008-92d6-4e01-b345-d1ec23559c15] INFO  o.eclipse.m2e.core.internal.Bundles - getClasspathEntries(Bundle=com.google.guava_30.1.0.v20221112-0806 [8])
2023-05-25 13:33:08,471 [Worker-18: Launching mavenrun-dfc52008-92d6-4e01-b345-d1ec23559c15] INFO  o.eclipse.m2e.core.internal.Bundles - 	Entry: C:\Users\sachi\.p2\pool\plugins\com.google.guava_30.1.0.v20221112-0806.jar
2023-05-25 13:33:08,471 [Worker-18: Launching mavenrun-dfc52008-92d6-4e01-b345-d1ec23559c15] INFO  o.eclipse.m2e.core.internal.Bundles - getClasspathEntries(Bundle=slf4j.api_1.7.36 [433])
2023-05-25 13:33:08,472 [Worker-18: Launching mavenrun-dfc52008-92d6-4e01-b345-d1ec23559c15] INFO  o.eclipse.m2e.core.internal.Bundles - 	Entry: C:\Users\sachi\.p2\pool\plugins\slf4j.api_1.7.36.jar
2023-05-25 13:33:08,472 [Worker-18: Launching mavenrun-dfc52008-92d6-4e01-b345-d1ec23559c15] INFO  o.eclipse.m2e.core.internal.Bundles - getClasspathEntries(Bundle=javax.inject_1.0.0.v20220405-0441 [18])
2023-05-25 13:33:08,473 [Worker-18: Launching mavenrun-dfc52008-92d6-4e01-b345-d1ec23559c15] INFO  o.eclipse.m2e.core.internal.Bundles - 	Entry: C:\Users\sachi\.p2\pool\plugins\javax.inject_1.0.0.v20220405-0441.jar
2023-05-25 13:33:08,473 [Worker-18: Launching mavenrun-dfc52008-92d6-4e01-b345-d1ec23559c15] INFO  o.eclipse.m2e.core.internal.Bundles - getClasspathEntries(Bundle=javax.annotation_1.3.5.v20221112-0806 [16])
2023-05-25 13:33:08,474 [Worker-18: Launching mavenrun-dfc52008-92d6-4e01-b345-d1ec23559c15] INFO  o.eclipse.m2e.core.internal.Bundles - 	Entry: C:\Users\sachi\.p2\pool\plugins\javax.annotation_1.3.5.v20221112-0806.jar
2023-05-25 13:33:08,483 [Worker-18: Launching mavenrun-dfc52008-92d6-4e01-b345-d1ec23559c15] INFO  o.e.m.i.launch.MavenLaunchDelegate - Run build in "C:\Users\sachi\AppData\Local\Temp\m2e-archetypeGenerator13256005956630107489":
2023-05-25 13:33:08,498 [Worker-18: Launching mavenrun-dfc52008-92d6-4e01-b345-d1ec23559c15] INFO  o.e.m.i.launch.MavenLaunchDelegate -  mvn  -DarchetypeGroupId=org.apache.maven.archetypes -DarchetypeArtifactId=maven-archetype-quickstart -DarchetypeVersion=1.1 -DgroupId=right.way.learning -DartifactId=springfirstapp -Dversion=0.0.1-SNAPSHOT -Dpackage=right.way.learning.springfirstapp -DoutputDirectory=D:\Spring_core -Dstyle.color=always -U archetype:generate
2023-05-25 13:33:25,387 [Worker-29: Creating maven-archetype-quickstart] INFO  o.e.m.c.i.p.ProjectConfigurationManager - Collecting project info '/pom.xml' D:\Spring_core\springfirstapp\pom.xml
2023-05-25 13:33:27,482 [Worker-29: Creating maven-archetype-quickstart] INFO  o.e.m.c.i.l.LifecycleMappingFactory - Using org.eclipse.m2e.jdt.JarLifecycleMapping lifecycle mapping for MavenProject: right.way.learning:springfirstapp:0.0.1-SNAPSHOT @ D:\Spring_core\springfirstapp\pom.xml.
2023-05-25 13:33:28,224 [Worker-29: Creating maven-archetype-quickstart] INFO  o.e.m.j.i.AbstractJavaProjectConfigurator - Adding source folder /springfirstapp/src/main/java
2023-05-25 13:33:28,231 [Worker-29: Creating maven-archetype-quickstart] INFO  o.e.m.j.i.AbstractJavaProjectConfigurator - Adding source folder /springfirstapp/src/test/java
2023-05-25 13:33:28,320 [Worker-29: Creating maven-archetype-quickstart] INFO  o.e.m.c.i.p.ProjectConfigurationManager - Imported and configured 1 project(s) in 2 sec
2023-05-25 13:33:28,990 [Worker-29: Building] INFO  o.e.m.c.i.embedder.EclipseLogger - Using 'UTF-8' encoding to copy filtered resources.
2023-05-25 13:33:28,991 [Worker-29: Building] INFO  o.e.m.c.i.embedder.EclipseLogger - skip non existing resourceDirectory D:\Spring_core\springfirstapp\src\main\resources
2023-05-25 13:33:28,993 [Worker-29: Building] INFO  o.e.m.c.i.embedder.EclipseLogger - Using 'UTF-8' encoding to copy filtered resources.
2023-05-25 13:33:28,993 [Worker-29: Building] INFO  o.e.m.c.i.embedder.EclipseLogger - skip non existing resourceDirectory D:\Spring_core\springfirstapp\src\test\resources
2023-05-25 13:33:29,101 [Worker-33: Download sources and javadoc] INFO  o.e.m.c.i.e.AbstractTransferListenerAdapter - Downloading https://repo.maven.apache.org/maven2/junit/junit/3.8.1/junit-3.8.1-sources.jar
2023-05-25 13:33:29,160 [Worker-33: Download sources and javadoc] INFO  o.e.m.c.i.e.AbstractTransferListenerAdapter - Downloaded https://repo.maven.apache.org/maven2/junit/junit/3.8.1/junit-3.8.1-sources.jar
2023-05-25 13:33:29,165 [Worker-33: Download sources and javadoc] INFO  o.e.m.j.internal.DownloadSourcesJob - Downloaded sources for junit:junit:3.8.1
2023-05-25 13:33:30,216 [Worker-18: Building] INFO  o.e.m.c.i.embedder.EclipseLogger - Using 'UTF-8' encoding to copy filtered resources.
2023-05-25 13:33:30,216 [Worker-18: Building] INFO  o.e.m.c.i.embedder.EclipseLogger - skip non existing resourceDirectory D:\Spring_core\springfirstapp\src\main\resources
2023-05-25 13:33:30,218 [Worker-18: Building] INFO  o.e.m.c.i.embedder.EclipseLogger - Using 'UTF-8' encoding to copy filtered resources.
2023-05-25 13:33:30,219 [Worker-18: Building] INFO  o.e.m.c.i.embedder.EclipseLogger - skip non existing resourceDirectory D:\Spring_core\springfirstapp\src\test\resources
2023-05-25 13:36:19,706 [Worker-10: Building] INFO  o.e.m.c.i.l.LifecycleMappingFactory - Using org.eclipse.m2e.jdt.JarLifecycleMapping lifecycle mapping for MavenProject: right.way.learning:springfirstapp:0.0.1-SNAPSHOT @ D:\Spring_core\springfirstapp\pom.xml.
2023-05-25 13:36:20,229 [Worker-10: Building] INFO  o.e.m.c.i.embedder.EclipseLogger - Using 'UTF-8' encoding to copy filtered resources.
2023-05-25 13:36:20,230 [Worker-10: Building] INFO  o.e.m.c.i.embedder.EclipseLogger - skip non existing resourceDirectory D:\Spring_core\springfirstapp\src\main\resources
2023-05-25 13:36:20,234 [Worker-10: Building] INFO  o.e.m.c.i.embedder.EclipseLogger - Using 'UTF-8' encoding to copy filtered resources.
2023-05-25 13:36:20,234 [Worker-10: Building] INFO  o.e.m.c.i.embedder.EclipseLogger - skip non existing resourceDirectory D:\Spring_core\springfirstapp\src\test\resources
2023-05-25 13:36:20,899 [Worker-29: Download sources and javadoc] INFO  o.e.m.c.i.e.AbstractTransferListenerAdapter - Downloading https://repo.maven.apache.org/maven2/org/springframework/spring-context-support/6.0.4/spring-context-support-6.0.4-sources.jar
2023-05-25 13:36:20,993 [Worker-29: Download sources and javadoc] INFO  o.e.m.c.i.e.AbstractTransferListenerAdapter - Downloaded https://repo.maven.apache.org/maven2/org/springframework/spring-context-support/6.0.4/spring-context-support-6.0.4-sources.jar
2023-05-25 13:36:21,001 [Worker-29: Download sources and javadoc] INFO  o.e.m.j.internal.DownloadSourcesJob - Downloaded sources for org.springframework:spring-context-support:6.0.4
2023-05-25 13:36:21,726 [Worker-26: Building] INFO  o.e.m.c.i.embedder.EclipseLogger - Using 'UTF-8' encoding to copy filtered resources.
2023-05-25 13:36:21,726 [Worker-26: Building] INFO  o.e.m.c.i.embedder.EclipseLogger - skip non existing resourceDirectory D:\Spring_core\springfirstapp\src\main\resources
2023-05-25 13:36:21,729 [Worker-26: Building] INFO  o.e.m.c.i.embedder.EclipseLogger - Using 'UTF-8' encoding to copy filtered resources.
2023-05-25 13:36:21,729 [Worker-26: Building] INFO  o.e.m.c.i.embedder.EclipseLogger - skip non existing resourceDirectory D:\Spring_core\springfirstapp\src\test\resources
2023-05-25 13:37:54,586 [Worker-32: Building] INFO  o.e.m.c.i.embedder.EclipseLogger - Using 'UTF-8' encoding to copy filtered resources.
2023-05-25 13:37:54,586 [Worker-32: Building] INFO  o.e.m.c.i.embedder.EclipseLogger - skip non existing resourceDirectory D:\Spring_core\springfirstapp\src\main\resources
2023-05-25 13:37:54,587 [Worker-32: Building] INFO  o.e.m.c.i.embedder.EclipseLogger - Using 'UTF-8' encoding to copy filtered resources.
2023-05-25 13:37:54,587 [Worker-32: Building] INFO  o.e.m.c.i.embedder.EclipseLogger - skip non existing resourceDirectory D:\Spring_core\springfirstapp\src\test\resources
2023-05-25 13:37:55,596 [Worker-25: Building] INFO  o.e.m.c.i.embedder.EclipseLogger - Using 'UTF-8' encoding to copy filtered resources.
2023-05-25 13:37:55,596 [Worker-25: Building] INFO  o.e.m.c.i.embedder.EclipseLogger - skip non existing resourceDirectory D:\Spring_core\springfirstapp\src\main\resources
2023-05-25 13:37:55,597 [Worker-25: Building] INFO  o.e.m.c.i.embedder.EclipseLogger - Using 'UTF-8' encoding to copy filtered resources.
2023-05-25 13:37:55,597 [Worker-25: Building] INFO  o.e.m.c.i.embedder.EclipseLogger - skip non existing resourceDirectory D:\Spring_core\springfirstapp\src\test\resources
2023-05-25 13:38:23,931 [Worker-30: Building] INFO  o.e.m.c.i.embedder.EclipseLogger - Using 'UTF-8' encoding to copy filtered resources.
2023-05-25 13:38:23,931 [Worker-30: Building] INFO  o.e.m.c.i.embedder.EclipseLogger - skip non existing resourceDirectory D:\Spring_core\springfirstapp\src\main\resources
2023-05-25 13:38:23,932 [Worker-30: Building] INFO  o.e.m.c.i.embedder.EclipseLogger - Using 'UTF-8' encoding to copy filtered resources.
2023-05-25 13:38:23,932 [Worker-30: Building] INFO  o.e.m.c.i.embedder.EclipseLogger - skip non existing resourceDirectory D:\Spring_core\springfirstapp\src\test\resources
2023-05-25 13:55:21,522 [Worker-25: Building] INFO  o.e.m.c.i.embedder.EclipseLogger - Using 'UTF-8' encoding to copy filtered resources.
2023-05-25 13:55:21,523 [Worker-25: Building] INFO  o.e.m.c.i.embedder.EclipseLogger - skip non existing resourceDirectory D:\Spring_core\springfirstapp\src\main\resources
2023-05-25 13:55:21,525 [Worker-25: Building] INFO  o.e.m.c.i.embedder.EclipseLogger - Using 'UTF-8' encoding to copy filtered resources.
2023-05-25 13:55:21,525 [Worker-25: Building] INFO  o.e.m.c.i.embedder.EclipseLogger - skip non existing resourceDirectory D:\Spring_core\springfirstapp\src\test\resources
2023-05-25 13:55:49,144 [Worker-34: Building] INFO  o.e.m.c.i.embedder.EclipseLogger - Using 'UTF-8' encoding to copy filtered resources.
2023-05-25 13:55:49,144 [Worker-34: Building] INFO  o.e.m.c.i.embedder.EclipseLogger - skip non existing resourceDirectory D:\Spring_core\springfirstapp\src\main\resources
2023-05-25 13:55:49,145 [Worker-34: Building] INFO  o.e.m.c.i.embedder.EclipseLogger - Using 'UTF-8' encoding to copy filtered resources.
2023-05-25 13:55:49,145 [Worker-34: Building] INFO  o.e.m.c.i.embedder.EclipseLogger - skip non existing resourceDirectory D:\Spring_core\springfirstapp\src\test\resources
2023-05-25 13:56:04,283 [Worker-35: Building] INFO  o.e.m.c.i.embedder.EclipseLogger - Using 'UTF-8' encoding to copy filtered resources.
2023-05-25 13:56:04,283 [Worker-35: Building] INFO  o.e.m.c.i.embedder.EclipseLogger - skip non existing resourceDirectory D:\Spring_core\springfirstapp\src\main\resources
2023-05-25 13:56:04,285 [Worker-35: Building] INFO  o.e.m.c.i.embedder.EclipseLogger - Using 'UTF-8' encoding to copy filtered resources.
2023-05-25 13:56:04,285 [Worker-35: Building] INFO  o.e.m.c.i.embedder.EclipseLogger - skip non existing resourceDirectory D:\Spring_core\springfirstapp\src\test\resources
2023-05-25 13:57:12,199 [Worker-36: Building] INFO  o.e.m.c.i.embedder.EclipseLogger - Using 'UTF-8' encoding to copy filtered resources.
2023-05-25 13:57:12,199 [Worker-36: Building] INFO  o.e.m.c.i.embedder.EclipseLogger - skip non existing resourceDirectory D:\Spring_core\springfirstapp\src\main\resources
2023-05-25 13:57:12,200 [Worker-36: Building] INFO  o.e.m.c.i.embedder.EclipseLogger - Using 'UTF-8' encoding to copy filtered resources.
2023-05-25 13:57:12,200 [Worker-36: Building] INFO  o.e.m.c.i.embedder.EclipseLogger - skip non existing resourceDirectory D:\Spring_core\springfirstapp\src\test\resources
2023-05-25 13:59:15,061 [Worker-35: Building] INFO  o.e.m.c.i.embedder.EclipseLogger - Using 'UTF-8' encoding to copy filtered resources.
2023-05-25 13:59:15,061 [Worker-35: Building] INFO  o.e.m.c.i.embedder.EclipseLogger - skip non existing resourceDirectory D:\Spring_core\springfirstapp\src\main\resources
2023-05-25 13:59:15,062 [Worker-35: Building] INFO  o.e.m.c.i.embedder.EclipseLogger - Using 'UTF-8' encoding to copy filtered resources.
2023-05-25 13:59:15,062 [Worker-35: Building] INFO  o.e.m.c.i.embedder.EclipseLogger - skip non existing resourceDirectory D:\Spring_core\springfirstapp\src\test\resources
2023-05-25 14:15:26,866 [Worker-30: Building] INFO  o.e.m.c.i.l.LifecycleMappingFactory - Using org.eclipse.m2e.jdt.JarLifecycleMapping lifecycle mapping for MavenProject: right.way.learning:springfirstapp:0.0.1-SNAPSHOT @ D:\Spring_core\springfirstapp\pom.xml.
2023-05-25 14:15:26,872 [Worker-30: Building] WARN  o.e.m.c.i.embedder.EclipseLogger - The POM for org.springframework:spring-context-support:jar:5.7.0 is missing, no dependency information available
2023-05-25 14:15:26,963 [Worker-30: Building] INFO  o.e.m.c.i.e.AbstractTransferListenerAdapter - Downloaded https://repo.maven.apache.org/maven2/org/springframework/spring-context-support/5.7.0/spring-context-support-5.7.0.jar
2023-05-25 14:15:27,032 [Worker-30: Building] INFO  o.e.m.c.i.embedder.EclipseLogger - Using 'UTF-8' encoding to copy filtered resources.
2023-05-25 14:15:27,032 [Worker-30: Building] INFO  o.e.m.c.i.embedder.EclipseLogger - skip non existing resourceDirectory D:\Spring_core\springfirstapp\src\main\resources
2023-05-25 14:15:27,033 [Worker-30: Building] INFO  o.e.m.c.i.embedder.EclipseLogger - Using 'UTF-8' encoding to copy filtered resources.
2023-05-25 14:15:27,033 [Worker-30: Building] INFO  o.e.m.c.i.embedder.EclipseLogger - skip non existing resourceDirectory D:\Spring_core\springfirstapp\src\test\resources
2023-05-25 14:15:28,309 [Worker-41: Download sources and javadoc] INFO  o.e.m.c.i.e.AbstractTransferListenerAdapter - Downloaded https://repo.maven.apache.org/maven2/org/springframework/spring-context-support/5.7.0/spring-context-support-5.7.0-sources.jar
2023-05-25 14:15:28,315 [Worker-41: Download sources and javadoc] ERROR o.e.m.j.internal.DownloadSourcesJob - Could not download sources for org.springframework:spring-context-support:5.7.0
org.eclipse.core.runtime.CoreException: Could not resolve artifact org.springframework:spring-context-support:jar:sources:5.7.0
	at org.eclipse.m2e.core.internal.embedder.MavenImpl.lambda$6(MavenImpl.java:587)
	at org.eclipse.m2e.core.internal.embedder.MavenExecutionContext.executeBare(MavenExecutionContext.java:364)
	at org.eclipse.m2e.core.internal.embedder.MavenExecutionContext.execute(MavenExecutionContext.java:227)
	at org.eclipse.m2e.core.internal.embedder.MavenExecutionContext.execute(MavenExecutionContext.java:213)
	at org.eclipse.m2e.core.internal.embedder.MavenImpl.resolve(MavenImpl.java:556)
	at org.eclipse.m2e.core.internal.embedder.MavenImpl.resolve(MavenImpl.java:541)
	at org.eclipse.m2e.jdt.internal.DownloadSourcesJob.download(DownloadSourcesJob.java:308)
	at org.eclipse.m2e.jdt.internal.DownloadSourcesJob.downloadAttachments(DownloadSourcesJob.java:282)
	at org.eclipse.m2e.jdt.internal.DownloadSourcesJob.downloadMaven(DownloadSourcesJob.java:252)
	at org.eclipse.m2e.jdt.internal.DownloadSourcesJob.downloadFilesAndPopulateToUpdate(DownloadSourcesJob.java:220)
	at org.eclipse.m2e.jdt.internal.DownloadSourcesJob.lambda$0(DownloadSourcesJob.java:149)
	at org.eclipse.m2e.core.internal.embedder.MavenExecutionContext.executeBare(MavenExecutionContext.java:364)
	at org.eclipse.m2e.core.internal.embedder.MavenExecutionContext.execute(MavenExecutionContext.java:274)
	at org.eclipse.m2e.core.internal.embedder.MavenExecutionContext.execute(MavenExecutionContext.java:213)
	at org.eclipse.m2e.core.embedder.IMaven.execute(IMaven.java:294)
	at org.eclipse.m2e.jdt.internal.DownloadSourcesJob.run(DownloadSourcesJob.java:149)
	at org.eclipse.core.internal.jobs.Worker.run(Worker.java:63)
2023-05-25 14:16:01,404 [Worker-41: Building] INFO  o.e.m.c.i.l.LifecycleMappingFactory - Using org.eclipse.m2e.jdt.JarLifecycleMapping lifecycle mapping for MavenProject: right.way.learning:springfirstapp:0.0.1-SNAPSHOT @ D:\Spring_core\springfirstapp\pom.xml.
2023-05-25 14:16:01,534 [Worker-41: Building] INFO  o.e.m.c.i.e.AbstractTransferListenerAdapter - Downloading https://repo.maven.apache.org/maven2/org/springframework/spring-expression/5.3.27/spring-expression-5.3.27.pom
2023-05-25 14:16:01,607 [Worker-41: Building] INFO  o.e.m.c.i.e.AbstractTransferListenerAdapter - Downloaded https://repo.maven.apache.org/maven2/org/springframework/spring-expression/5.3.27/spring-expression-5.3.27.pom
2023-05-25 14:16:01,624 [AetherRepositoryConnector-repo.maven.apache.org-0-0] INFO  o.e.m.c.i.e.AbstractTransferListenerAdapter - Downloading https://repo.maven.apache.org/maven2/org/springframework/spring-context-support/5.3.27/spring-context-support-5.3.27.jar
2023-05-25 14:16:01,677 [AetherRepositoryConnector-repo.maven.apache.org-0-1] INFO  o.e.m.c.i.e.AbstractTransferListenerAdapter - Downloading https://repo.maven.apache.org/maven2/org/springframework/spring-beans/5.3.27/spring-beans-5.3.27.jar
2023-05-25 14:16:01,727 [AetherRepositoryConnector-repo.maven.apache.org-0-3] INFO  o.e.m.c.i.e.AbstractTransferListenerAdapter - Downloading https://repo.maven.apache.org/maven2/org/springframework/spring-aop/5.3.27/spring-aop-5.3.27.jar
2023-05-25 14:16:01,727 [AetherRepositoryConnector-repo.maven.apache.org-0-2] INFO  o.e.m.c.i.e.AbstractTransferListenerAdapter - Downloading https://repo.maven.apache.org/maven2/org/springframework/spring-context/5.3.27/spring-context-5.3.27.jar
2023-05-25 14:16:01,727 [AetherRepositoryConnector-repo.maven.apache.org-0-4] INFO  o.e.m.c.i.e.AbstractTransferListenerAdapter - Downloading https://repo.maven.apache.org/maven2/org/springframework/spring-expression/5.3.27/spring-expression-5.3.27.jar
2023-05-25 14:16:01,957 [AetherRepositoryConnector-repo.maven.apache.org-0-0] INFO  o.e.m.c.i.e.AbstractTransferListenerAdapter - Downloaded https://repo.maven.apache.org/maven2/org/springframework/spring-context-support/5.3.27/spring-context-support-5.3.27.jar
2023-05-25 14:16:02,079 [AetherRepositoryConnector-repo.maven.apache.org-0-0] INFO  o.e.m.c.i.e.AbstractTransferListenerAdapter - Downloading https://repo.maven.apache.org/maven2/org/springframework/spring-core/5.3.27/spring-core-5.3.27.jar
2023-05-25 14:16:02,218 [AetherRepositoryConnector-repo.maven.apache.org-0-4] INFO  o.e.m.c.i.e.AbstractTransferListenerAdapter - Downloaded https://repo.maven.apache.org/maven2/org/springframework/spring-expression/5.3.27/spring-expression-5.3.27.jar
2023-05-25 14:16:02,827 [AetherRepositoryConnector-repo.maven.apache.org-0-3] INFO  o.e.m.c.i.e.AbstractTransferListenerAdapter - Downloaded https://repo.maven.apache.org/maven2/org/springframework/spring-aop/5.3.27/spring-aop-5.3.27.jar
2023-05-25 14:16:02,885 [AetherRepositoryConnector-repo.maven.apache.org-0-4] INFO  o.e.m.c.i.e.AbstractTransferListenerAdapter - Downloading https://repo.maven.apache.org/maven2/org/springframework/spring-jcl/5.3.27/spring-jcl-5.3.27.jar
2023-05-25 14:16:02,896 [AetherRepositoryConnector-repo.maven.apache.org-0-1] INFO  o.e.m.c.i.e.AbstractTransferListenerAdapter - Downloaded https://repo.maven.apache.org/maven2/org/springframework/spring-beans/5.3.27/spring-beans-5.3.27.jar
2023-05-25 14:16:03,009 [AetherRepositoryConnector-repo.maven.apache.org-0-2] INFO  o.e.m.c.i.e.AbstractTransferListenerAdapter - Downloaded https://repo.maven.apache.org/maven2/org/springframework/spring-context/5.3.27/spring-context-5.3.27.jar
2023-05-25 14:16:03,010 [AetherRepositoryConnector-repo.maven.apache.org-0-4] INFO  o.e.m.c.i.e.AbstractTransferListenerAdapter - Downloaded https://repo.maven.apache.org/maven2/org/springframework/spring-jcl/5.3.27/spring-jcl-5.3.27.jar
2023-05-25 14:16:03,031 [AetherRepositoryConnector-repo.maven.apache.org-0-0] INFO  o.e.m.c.i.e.AbstractTransferListenerAdapter - Downloaded https://repo.maven.apache.org/maven2/org/springframework/spring-core/5.3.27/spring-core-5.3.27.jar
2023-05-25 14:16:03,156 [Worker-41: Building] INFO  o.e.m.c.i.embedder.EclipseLogger - Using 'UTF-8' encoding to copy filtered resources.
2023-05-25 14:16:03,156 [Worker-41: Building] INFO  o.e.m.c.i.embedder.EclipseLogger - skip non existing resourceDirectory D:\Spring_core\springfirstapp\src\main\resources
2023-05-25 14:16:03,158 [Worker-41: Building] INFO  o.e.m.c.i.embedder.EclipseLogger - Using 'UTF-8' encoding to copy filtered resources.
2023-05-25 14:16:03,158 [Worker-41: Building] INFO  o.e.m.c.i.embedder.EclipseLogger - skip non existing resourceDirectory D:\Spring_core\springfirstapp\src\test\resources
2023-05-25 14:16:04,149 [Worker-30: Download sources and javadoc] INFO  o.e.m.c.i.e.AbstractTransferListenerAdapter - Downloading https://repo.maven.apache.org/maven2/org/springframework/spring-context-support/5.3.27/spring-context-support-5.3.27-sources.jar
2023-05-25 14:16:04,201 [Worker-30: Download sources and javadoc] INFO  o.e.m.c.i.e.AbstractTransferListenerAdapter - Downloaded https://repo.maven.apache.org/maven2/org/springframework/spring-context-support/5.3.27/spring-context-support-5.3.27-sources.jar
2023-05-25 14:16:04,203 [Worker-30: Download sources and javadoc] INFO  o.e.m.j.internal.DownloadSourcesJob - Downloaded sources for org.springframework:spring-context-support:5.3.27
2023-05-25 14:16:04,241 [Worker-30: Download sources and javadoc] INFO  o.e.m.c.i.e.AbstractTransferListenerAdapter - Downloading https://repo.maven.apache.org/maven2/org/springframework/spring-beans/5.3.27/spring-beans-5.3.27-sources.jar
2023-05-25 14:16:04,340 [Worker-30: Download sources and javadoc] INFO  o.e.m.c.i.e.AbstractTransferListenerAdapter - Downloaded https://repo.maven.apache.org/maven2/org/springframework/spring-beans/5.3.27/spring-beans-5.3.27-sources.jar
2023-05-25 14:16:04,342 [Worker-30: Download sources and javadoc] INFO  o.e.m.j.internal.DownloadSourcesJob - Downloaded sources for org.springframework:spring-beans:5.3.27
2023-05-25 14:16:04,384 [Worker-30: Download sources and javadoc] INFO  o.e.m.c.i.e.AbstractTransferListenerAdapter - Downloading https://repo.maven.apache.org/maven2/org/springframework/spring-context/5.3.27/spring-context-5.3.27-sources.jar
2023-05-25 14:16:04,400 [Worker-44: Building] INFO  o.e.m.c.i.embedder.EclipseLogger - Using 'UTF-8' encoding to copy filtered resources.
2023-05-25 14:16:04,400 [Worker-44: Building] INFO  o.e.m.c.i.embedder.EclipseLogger - skip non existing resourceDirectory D:\Spring_core\springfirstapp\src\main\resources
2023-05-25 14:16:04,401 [Worker-44: Building] INFO  o.e.m.c.i.embedder.EclipseLogger - Using 'UTF-8' encoding to copy filtered resources.
2023-05-25 14:16:04,401 [Worker-44: Building] INFO  o.e.m.c.i.embedder.EclipseLogger - skip non existing resourceDirectory D:\Spring_core\springfirstapp\src\test\resources
2023-05-25 14:16:04,542 [Worker-30: Download sources and javadoc] INFO  o.e.m.c.i.e.AbstractTransferListenerAdapter - Downloaded https://repo.maven.apache.org/maven2/org/springframework/spring-context/5.3.27/spring-context-5.3.27-sources.jar
2023-05-25 14:16:04,544 [Worker-30: Download sources and javadoc] INFO  o.e.m.j.internal.DownloadSourcesJob - Downloaded sources for org.springframework:spring-context:5.3.27
2023-05-25 14:16:04,603 [Worker-30: Download sources and javadoc] INFO  o.e.m.c.i.e.AbstractTransferListenerAdapter - Downloading https://repo.maven.apache.org/maven2/org/springframework/spring-aop/5.3.27/spring-aop-5.3.27-sources.jar
2023-05-25 14:16:04,698 [Worker-30: Download sources and javadoc] INFO  o.e.m.c.i.e.AbstractTransferListenerAdapter - Downloaded https://repo.maven.apache.org/maven2/org/springframework/spring-aop/5.3.27/spring-aop-5.3.27-sources.jar
2023-05-25 14:16:04,699 [Worker-30: Download sources and javadoc] INFO  o.e.m.j.internal.DownloadSourcesJob - Downloaded sources for org.springframework:spring-aop:5.3.27
2023-05-25 14:16:04,744 [Worker-30: Download sources and javadoc] INFO  o.e.m.c.i.e.AbstractTransferListenerAdapter - Downloading https://repo.maven.apache.org/maven2/org/springframework/spring-expression/5.3.27/spring-expression-5.3.27-sources.jar
2023-05-25 14:16:04,820 [Worker-30: Download sources and javadoc] INFO  o.e.m.c.i.e.AbstractTransferListenerAdapter - Downloaded https://repo.maven.apache.org/maven2/org/springframework/spring-expression/5.3.27/spring-expression-5.3.27-sources.jar
2023-05-25 14:16:04,822 [Worker-30: Download sources and javadoc] INFO  o.e.m.j.internal.DownloadSourcesJob - Downloaded sources for org.springframework:spring-expression:5.3.27
2023-05-25 14:16:04,853 [Worker-30: Download sources and javadoc] INFO  o.e.m.c.i.e.AbstractTransferListenerAdapter - Downloading https://repo.maven.apache.org/maven2/org/springframework/spring-core/5.3.27/spring-core-5.3.27-sources.jar
2023-05-25 14:16:05,005 [Worker-30: Download sources and javadoc] INFO  o.e.m.c.i.e.AbstractTransferListenerAdapter - Downloaded https://repo.maven.apache.org/maven2/org/springframework/spring-core/5.3.27/spring-core-5.3.27-sources.jar
2023-05-25 14:16:05,007 [Worker-30: Download sources and javadoc] INFO  o.e.m.j.internal.DownloadSourcesJob - Downloaded sources for org.springframework:spring-core:5.3.27
2023-05-25 14:16:06,057 [Worker-30: Download sources and javadoc] INFO  o.e.m.c.i.e.AbstractTransferListenerAdapter - Downloading https://repo.maven.apache.org/maven2/org/springframework/spring-jcl/5.3.27/spring-jcl-5.3.27-sources.jar
2023-05-25 14:16:06,150 [Worker-30: Download sources and javadoc] INFO  o.e.m.c.i.e.AbstractTransferListenerAdapter - Downloaded https://repo.maven.apache.org/maven2/org/springframework/spring-jcl/5.3.27/spring-jcl-5.3.27-sources.jar
2023-05-25 14:16:06,153 [Worker-30: Download sources and javadoc] INFO  o.e.m.j.internal.DownloadSourcesJob - Downloaded sources for org.springframework:spring-jcl:5.3.27
2023-05-25 14:16:06,332 [Worker-42: Building] INFO  o.e.m.c.i.embedder.EclipseLogger - Using 'UTF-8' encoding to copy filtered resources.
2023-05-25 14:16:06,332 [Worker-42: Building] INFO  o.e.m.c.i.embedder.EclipseLogger - skip non existing resourceDirectory D:\Spring_core\springfirstapp\src\main\resources
2023-05-25 14:16:06,333 [Worker-42: Building] INFO  o.e.m.c.i.embedder.EclipseLogger - Using 'UTF-8' encoding to copy filtered resources.
2023-05-25 14:16:06,333 [Worker-42: Building] INFO  o.e.m.c.i.embedder.EclipseLogger - skip non existing resourceDirectory D:\Spring_core\springfirstapp\src\test\resources
2023-05-25 14:16:26,279 [Worker-43: Building] INFO  o.e.m.c.i.embedder.EclipseLogger - Using 'UTF-8' encoding to copy filtered resources.
2023-05-25 14:16:26,279 [Worker-43: Building] INFO  o.e.m.c.i.embedder.EclipseLogger - skip non existing resourceDirectory D:\Spring_core\springfirstapp\src\main\resources
2023-05-25 14:16:26,280 [Worker-43: Building] INFO  o.e.m.c.i.embedder.EclipseLogger - Using 'UTF-8' encoding to copy filtered resources.
2023-05-25 14:16:26,280 [Worker-43: Building] INFO  o.e.m.c.i.embedder.EclipseLogger - skip non existing resourceDirectory D:\Spring_core\springfirstapp\src\test\resources
2023-05-25 14:20:42,425 [Worker-45: Building] INFO  o.e.m.c.i.embedder.EclipseLogger - Using 'UTF-8' encoding to copy filtered resources.
2023-05-25 14:20:42,425 [Worker-45: Building] INFO  o.e.m.c.i.embedder.EclipseLogger - skip non existing resourceDirectory D:\Spring_core\springfirstapp\src\main\resources
2023-05-25 14:20:42,426 [Worker-45: Building] INFO  o.e.m.c.i.embedder.EclipseLogger - Using 'UTF-8' encoding to copy filtered resources.
2023-05-25 14:20:42,426 [Worker-45: Building] INFO  o.e.m.c.i.embedder.EclipseLogger - skip non existing resourceDirectory D:\Spring_core\springfirstapp\src\test\resources
2023-05-25 14:20:46,234 [Worker-46: Building] INFO  o.e.m.c.i.embedder.EclipseLogger - Using 'UTF-8' encoding to copy filtered resources.
2023-05-25 14:20:46,234 [Worker-46: Building] INFO  o.e.m.c.i.embedder.EclipseLogger - skip non existing resourceDirectory D:\Spring_core\springfirstapp\src\main\resources
2023-05-25 14:20:46,235 [Worker-46: Building] INFO  o.e.m.c.i.embedder.EclipseLogger - Using 'UTF-8' encoding to copy filtered resources.
2023-05-25 14:20:46,236 [Worker-46: Building] INFO  o.e.m.c.i.embedder.EclipseLogger - skip non existing resourceDirectory D:\Spring_core\springfirstapp\src\test\resources
2023-05-25 14:24:01,591 [Worker-46: Building] INFO  o.e.m.c.i.embedder.EclipseLogger - Using 'UTF-8' encoding to copy filtered resources.
2023-05-25 14:24:01,591 [Worker-46: Building] INFO  o.e.m.c.i.embedder.EclipseLogger - skip non existing resourceDirectory D:\Spring_core\springfirstapp\src\main\resources
2023-05-25 14:24:01,593 [Worker-46: Building] INFO  o.e.m.c.i.embedder.EclipseLogger - Using 'UTF-8' encoding to copy filtered resources.
2023-05-25 14:24:01,593 [Worker-46: Building] INFO  o.e.m.c.i.embedder.EclipseLogger - skip non existing resourceDirectory D:\Spring_core\springfirstapp\src\test\resources
2023-05-25 14:24:58,733 [Worker-46: Building] INFO  o.e.m.c.i.embedder.EclipseLogger - Using 'UTF-8' encoding to copy filtered resources.
2023-05-25 14:24:58,733 [Worker-46: Building] INFO  o.e.m.c.i.embedder.EclipseLogger - skip non existing resourceDirectory D:\Spring_core\springfirstapp\src\main\resources
2023-05-25 14:24:58,734 [Worker-46: Building] INFO  o.e.m.c.i.embedder.EclipseLogger - Using 'UTF-8' encoding to copy filtered resources.
2023-05-25 14:24:58,734 [Worker-46: Building] INFO  o.e.m.c.i.embedder.EclipseLogger - skip non existing resourceDirectory D:\Spring_core\springfirstapp\src\test\resources
2023-05-25 14:25:08,741 [Worker-46: Building] INFO  o.e.m.c.i.embedder.EclipseLogger - Using 'UTF-8' encoding to copy filtered resources.
2023-05-25 14:25:08,741 [Worker-46: Building] INFO  o.e.m.c.i.embedder.EclipseLogger - skip non existing resourceDirectory D:\Spring_core\springfirstapp\src\main\resources
2023-05-25 14:25:08,743 [Worker-46: Building] INFO  o.e.m.c.i.embedder.EclipseLogger - Using 'UTF-8' encoding to copy filtered resources.
2023-05-25 14:25:08,744 [Worker-46: Building] INFO  o.e.m.c.i.embedder.EclipseLogger - skip non existing resourceDirectory D:\Spring_core\springfirstapp\src\test\resources
2023-06-08 19:41:26,704 [Worker-4: Loading available Gradle versions] INFO  o.e.b.c.i.u.g.PublishedGradleVersions - Gradle version information cache is out-of-date. Trying to update.
2023-06-08 19:42:49,790 [Worker-6: Launching mavenrun-a33bff7b-d0b0-4ac5-8221-484d147919e2] INFO  o.eclipse.m2e.core.internal.Bundles - getClasspathEntries(Bundle=org.eclipse.m2e.maven.runtime_3.8.604.20221130-2149 [269])
2023-06-08 19:42:49,803 [Worker-6: Launching mavenrun-a33bff7b-d0b0-4ac5-8221-484d147919e2] INFO  o.eclipse.m2e.core.internal.Bundles - 	Entry: C:\Users\sachi\.p2\pool\plugins\org.eclipse.m2e.maven.runtime_3.8.604.20221130-2149
2023-06-08 19:42:49,803 [Worker-6: Launching mavenrun-a33bff7b-d0b0-4ac5-8221-484d147919e2] INFO  o.eclipse.m2e.core.internal.Bundles - 	Entry: C:\Users\sachi\.p2\pool\plugins\org.eclipse.m2e.maven.runtime_3.8.604.20221130-2149\jars\aether-connector-okhttp-0.17.8.jar
2023-06-08 19:42:49,803 [Worker-6: Launching mavenrun-a33bff7b-d0b0-4ac5-8221-484d147919e2] INFO  o.eclipse.m2e.core.internal.Bundles - 	Entry: C:\Users\sachi\.p2\pool\plugins\org.eclipse.m2e.maven.runtime_3.8.604.20221130-2149\jars\commons-cli-1.4.jar
2023-06-08 19:42:49,804 [Worker-6: Launching mavenrun-a33bff7b-d0b0-4ac5-8221-484d147919e2] INFO  o.eclipse.m2e.core.internal.Bundles - 	Entry: C:\Users\sachi\.p2\pool\plugins\org.eclipse.m2e.maven.runtime_3.8.604.20221130-2149\jars\commons-io-2.6.jar
2023-06-08 19:42:49,804 [Worker-6: Launching mavenrun-a33bff7b-d0b0-4ac5-8221-484d147919e2] INFO  o.eclipse.m2e.core.internal.Bundles - 	Entry: C:\Users\sachi\.p2\pool\plugins\org.eclipse.m2e.maven.runtime_3.8.604.20221130-2149\jars\commons-lang3-3.8.1.jar
2023-06-08 19:42:49,804 [Worker-6: Launching mavenrun-a33bff7b-d0b0-4ac5-8221-484d147919e2] INFO  o.eclipse.m2e.core.internal.Bundles - 	Entry: C:\Users\sachi\.p2\pool\plugins\org.eclipse.m2e.maven.runtime_3.8.604.20221130-2149\jars\guice-4.2.2-no_aop.jar
2023-06-08 19:42:49,804 [Worker-6: Launching mavenrun-a33bff7b-d0b0-4ac5-8221-484d147919e2] INFO  o.eclipse.m2e.core.internal.Bundles - 	Entry: C:\Users\sachi\.p2\pool\plugins\org.eclipse.m2e.maven.runtime_3.8.604.20221130-2149\jars\jansi-2.4.0.jar
2023-06-08 19:42:49,804 [Worker-6: Launching mavenrun-a33bff7b-d0b0-4ac5-8221-484d147919e2] INFO  o.eclipse.m2e.core.internal.Bundles - 	Entry: C:\Users\sachi\.p2\pool\plugins\org.eclipse.m2e.maven.runtime_3.8.604.20221130-2149\jars\maven-artifact-3.8.6.jar
2023-06-08 19:42:49,804 [Worker-6: Launching mavenrun-a33bff7b-d0b0-4ac5-8221-484d147919e2] INFO  o.eclipse.m2e.core.internal.Bundles - 	Entry: C:\Users\sachi\.p2\pool\plugins\org.eclipse.m2e.maven.runtime_3.8.604.20221130-2149\jars\maven-builder-support-3.8.6.jar
2023-06-08 19:42:49,804 [Worker-6: Launching mavenrun-a33bff7b-d0b0-4ac5-8221-484d147919e2] INFO  o.eclipse.m2e.core.internal.Bundles - 	Entry: C:\Users\sachi\.p2\pool\plugins\org.eclipse.m2e.maven.runtime_3.8.604.20221130-2149\jars\maven-compat-3.8.6.jar
2023-06-08 19:42:49,804 [Worker-6: Launching mavenrun-a33bff7b-d0b0-4ac5-8221-484d147919e2] INFO  o.eclipse.m2e.core.internal.Bundles - 	Entry: C:\Users\sachi\.p2\pool\plugins\org.eclipse.m2e.maven.runtime_3.8.604.20221130-2149\jars\maven-core-3.8.6.jar
2023-06-08 19:42:49,804 [Worker-6: Launching mavenrun-a33bff7b-d0b0-4ac5-8221-484d147919e2] INFO  o.eclipse.m2e.core.internal.Bundles - 	Entry: C:\Users\sachi\.p2\pool\plugins\org.eclipse.m2e.maven.runtime_3.8.604.20221130-2149\jars\maven-embedder-3.8.6.jar
2023-06-08 19:42:49,804 [Worker-6: Launching mavenrun-a33bff7b-d0b0-4ac5-8221-484d147919e2] INFO  o.eclipse.m2e.core.internal.Bundles - 	Entry: C:\Users\sachi\.p2\pool\plugins\org.eclipse.m2e.maven.runtime_3.8.604.20221130-2149\jars\maven-model-3.8.6.jar
2023-06-08 19:42:49,804 [Worker-6: Launching mavenrun-a33bff7b-d0b0-4ac5-8221-484d147919e2] INFO  o.eclipse.m2e.core.internal.Bundles - 	Entry: C:\Users\sachi\.p2\pool\plugins\org.eclipse.m2e.maven.runtime_3.8.604.20221130-2149\jars\maven-model-builder-3.8.6.jar
2023-06-08 19:42:49,804 [Worker-6: Launching mavenrun-a33bff7b-d0b0-4ac5-8221-484d147919e2] INFO  o.eclipse.m2e.core.internal.Bundles - 	Entry: C:\Users\sachi\.p2\pool\plugins\org.eclipse.m2e.maven.runtime_3.8.604.20221130-2149\jars\maven-plugin-api-3.8.6.jar
2023-06-08 19:42:49,804 [Worker-6: Launching mavenrun-a33bff7b-d0b0-4ac5-8221-484d147919e2] INFO  o.eclipse.m2e.core.internal.Bundles - 	Entry: C:\Users\sachi\.p2\pool\plugins\org.eclipse.m2e.maven.runtime_3.8.604.20221130-2149\jars\maven-repository-metadata-3.8.6.jar
2023-06-08 19:42:49,804 [Worker-6: Launching mavenrun-a33bff7b-d0b0-4ac5-8221-484d147919e2] INFO  o.eclipse.m2e.core.internal.Bundles - 	Entry: C:\Users\sachi\.p2\pool\plugins\org.eclipse.m2e.maven.runtime_3.8.604.20221130-2149\jars\maven-resolver-api-1.6.3.jar
2023-06-08 19:42:49,805 [Worker-6: Launching mavenrun-a33bff7b-d0b0-4ac5-8221-484d147919e2] INFO  o.eclipse.m2e.core.internal.Bundles - 	Entry: C:\Users\sachi\.p2\pool\plugins\org.eclipse.m2e.maven.runtime_3.8.604.20221130-2149\jars\maven-resolver-connector-basic-1.6.3.jar
2023-06-08 19:42:49,805 [Worker-6: Launching mavenrun-a33bff7b-d0b0-4ac5-8221-484d147919e2] INFO  o.eclipse.m2e.core.internal.Bundles - 	Entry: C:\Users\sachi\.p2\pool\plugins\org.eclipse.m2e.maven.runtime_3.8.604.20221130-2149\jars\maven-resolver-impl-1.6.3.jar
2023-06-08 19:42:49,805 [Worker-6: Launching mavenrun-a33bff7b-d0b0-4ac5-8221-484d147919e2] INFO  o.eclipse.m2e.core.internal.Bundles - 	Entry: C:\Users\sachi\.p2\pool\plugins\org.eclipse.m2e.maven.runtime_3.8.604.20221130-2149\jars\maven-resolver-provider-3.8.6.jar
2023-06-08 19:42:49,805 [Worker-6: Launching mavenrun-a33bff7b-d0b0-4ac5-8221-484d147919e2] INFO  o.eclipse.m2e.core.internal.Bundles - 	Entry: C:\Users\sachi\.p2\pool\plugins\org.eclipse.m2e.maven.runtime_3.8.604.20221130-2149\jars\maven-resolver-spi-1.6.3.jar
2023-06-08 19:42:49,805 [Worker-6: Launching mavenrun-a33bff7b-d0b0-4ac5-8221-484d147919e2] INFO  o.eclipse.m2e.core.internal.Bundles - 	Entry: C:\Users\sachi\.p2\pool\plugins\org.eclipse.m2e.maven.runtime_3.8.604.20221130-2149\jars\maven-resolver-transport-wagon-1.6.3.jar
2023-06-08 19:42:49,805 [Worker-6: Launching mavenrun-a33bff7b-d0b0-4ac5-8221-484d147919e2] INFO  o.eclipse.m2e.core.internal.Bundles - 	Entry: C:\Users\sachi\.p2\pool\plugins\org.eclipse.m2e.maven.runtime_3.8.604.20221130-2149\jars\maven-resolver-util-1.6.3.jar
2023-06-08 19:42:49,805 [Worker-6: Launching mavenrun-a33bff7b-d0b0-4ac5-8221-484d147919e2] INFO  o.eclipse.m2e.core.internal.Bundles - 	Entry: C:\Users\sachi\.p2\pool\plugins\org.eclipse.m2e.maven.runtime_3.8.604.20221130-2149\jars\maven-settings-3.8.6.jar
2023-06-08 19:42:49,805 [Worker-6: Launching mavenrun-a33bff7b-d0b0-4ac5-8221-484d147919e2] INFO  o.eclipse.m2e.core.internal.Bundles - 	Entry: C:\Users\sachi\.p2\pool\plugins\org.eclipse.m2e.maven.runtime_3.8.604.20221130-2149\jars\maven-settings-builder-3.8.6.jar
2023-06-08 19:42:49,805 [Worker-6: Launching mavenrun-a33bff7b-d0b0-4ac5-8221-484d147919e2] INFO  o.eclipse.m2e.core.internal.Bundles - 	Entry: C:\Users\sachi\.p2\pool\plugins\org.eclipse.m2e.maven.runtime_3.8.604.20221130-2149\jars\maven-shared-utils-3.3.4.jar
2023-06-08 19:42:49,805 [Worker-6: Launching mavenrun-a33bff7b-d0b0-4ac5-8221-484d147919e2] INFO  o.eclipse.m2e.core.internal.Bundles - 	Entry: C:\Users\sachi\.p2\pool\plugins\org.eclipse.m2e.maven.runtime_3.8.604.20221130-2149\jars\okhttp-3.14.1.jar
2023-06-08 19:42:49,805 [Worker-6: Launching mavenrun-a33bff7b-d0b0-4ac5-8221-484d147919e2] INFO  o.eclipse.m2e.core.internal.Bundles - 	Entry: C:\Users\sachi\.p2\pool\plugins\org.eclipse.m2e.maven.runtime_3.8.604.20221130-2149\jars\okio-1.17.3.jar
2023-06-08 19:42:49,805 [Worker-6: Launching mavenrun-a33bff7b-d0b0-4ac5-8221-484d147919e2] INFO  o.eclipse.m2e.core.internal.Bundles - 	Entry: C:\Users\sachi\.p2\pool\plugins\org.eclipse.m2e.maven.runtime_3.8.604.20221130-2149\jars\org.eclipse.sisu.inject-0.3.5.jar
2023-06-08 19:42:49,805 [Worker-6: Launching mavenrun-a33bff7b-d0b0-4ac5-8221-484d147919e2] INFO  o.eclipse.m2e.core.internal.Bundles - 	Entry: C:\Users\sachi\.p2\pool\plugins\org.eclipse.m2e.maven.runtime_3.8.604.20221130-2149\jars\org.eclipse.sisu.plexus-0.3.5.jar
2023-06-08 19:42:49,805 [Worker-6: Launching mavenrun-a33bff7b-d0b0-4ac5-8221-484d147919e2] INFO  o.eclipse.m2e.core.internal.Bundles - 	Entry: C:\Users\sachi\.p2\pool\plugins\org.eclipse.m2e.maven.runtime_3.8.604.20221130-2149\jars\plexus-build-api-0.0.7.jar
2023-06-08 19:42:49,806 [Worker-6: Launching mavenrun-a33bff7b-d0b0-4ac5-8221-484d147919e2] INFO  o.eclipse.m2e.core.internal.Bundles - 	Entry: C:\Users\sachi\.p2\pool\plugins\org.eclipse.m2e.maven.runtime_3.8.604.20221130-2149\jars\plexus-cipher-2.0.jar
2023-06-08 19:42:49,806 [Worker-6: Launching mavenrun-a33bff7b-d0b0-4ac5-8221-484d147919e2] INFO  o.eclipse.m2e.core.internal.Bundles - 	Entry: C:\Users\sachi\.p2\pool\plugins\org.eclipse.m2e.maven.runtime_3.8.604.20221130-2149\jars\plexus-classworlds-2.6.0.jar
2023-06-08 19:42:49,806 [Worker-6: Launching mavenrun-a33bff7b-d0b0-4ac5-8221-484d147919e2] INFO  o.eclipse.m2e.core.internal.Bundles - 	Entry: C:\Users\sachi\.p2\pool\plugins\org.eclipse.m2e.maven.runtime_3.8.604.20221130-2149\jars\plexus-component-annotations-2.1.0.jar
2023-06-08 19:42:49,806 [Worker-6: Launching mavenrun-a33bff7b-d0b0-4ac5-8221-484d147919e2] INFO  o.eclipse.m2e.core.internal.Bundles - 	Entry: C:\Users\sachi\.p2\pool\plugins\org.eclipse.m2e.maven.runtime_3.8.604.20221130-2149\jars\plexus-interpolation-1.26.jar
2023-06-08 19:42:49,806 [Worker-6: Launching mavenrun-a33bff7b-d0b0-4ac5-8221-484d147919e2] INFO  o.eclipse.m2e.core.internal.Bundles - 	Entry: C:\Users\sachi\.p2\pool\plugins\org.eclipse.m2e.maven.runtime_3.8.604.20221130-2149\jars\plexus-sec-dispatcher-2.0.jar
2023-06-08 19:42:49,806 [Worker-6: Launching mavenrun-a33bff7b-d0b0-4ac5-8221-484d147919e2] INFO  o.eclipse.m2e.core.internal.Bundles - 	Entry: C:\Users\sachi\.p2\pool\plugins\org.eclipse.m2e.maven.runtime_3.8.604.20221130-2149\jars\plexus-utils-3.3.1.jar
2023-06-08 19:42:49,806 [Worker-6: Launching mavenrun-a33bff7b-d0b0-4ac5-8221-484d147919e2] INFO  o.eclipse.m2e.core.internal.Bundles - 	Entry: C:\Users\sachi\.p2\pool\plugins\org.eclipse.m2e.maven.runtime_3.8.604.20221130-2149\jars\wagon-file-3.5.1.jar
2023-06-08 19:42:49,806 [Worker-6: Launching mavenrun-a33bff7b-d0b0-4ac5-8221-484d147919e2] INFO  o.eclipse.m2e.core.internal.Bundles - 	Entry: C:\Users\sachi\.p2\pool\plugins\org.eclipse.m2e.maven.runtime_3.8.604.20221130-2149\jars\wagon-provider-api-3.5.1.jar
2023-06-08 19:42:49,808 [Worker-6: Launching mavenrun-a33bff7b-d0b0-4ac5-8221-484d147919e2] INFO  o.eclipse.m2e.core.internal.Bundles - getClasspathEntries(Bundle=com.google.guava_30.1.0.v20221112-0806 [8])
2023-06-08 19:42:49,809 [Worker-6: Launching mavenrun-a33bff7b-d0b0-4ac5-8221-484d147919e2] INFO  o.eclipse.m2e.core.internal.Bundles - 	Entry: C:\Users\sachi\.p2\pool\plugins\com.google.guava_30.1.0.v20221112-0806.jar
2023-06-08 19:42:49,810 [Worker-6: Launching mavenrun-a33bff7b-d0b0-4ac5-8221-484d147919e2] INFO  o.eclipse.m2e.core.internal.Bundles - getClasspathEntries(Bundle=slf4j.api_1.7.36 [433])
2023-06-08 19:42:49,810 [Worker-6: Launching mavenrun-a33bff7b-d0b0-4ac5-8221-484d147919e2] INFO  o.eclipse.m2e.core.internal.Bundles - 	Entry: C:\Users\sachi\.p2\pool\plugins\slf4j.api_1.7.36.jar
2023-06-08 19:42:49,810 [Worker-6: Launching mavenrun-a33bff7b-d0b0-4ac5-8221-484d147919e2] INFO  o.eclipse.m2e.core.internal.Bundles - getClasspathEntries(Bundle=javax.inject_1.0.0.v20220405-0441 [18])
2023-06-08 19:42:49,811 [Worker-6: Launching mavenrun-a33bff7b-d0b0-4ac5-8221-484d147919e2] INFO  o.eclipse.m2e.core.internal.Bundles - 	Entry: C:\Users\sachi\.p2\pool\plugins\javax.inject_1.0.0.v20220405-0441.jar
2023-06-08 19:42:49,811 [Worker-6: Launching mavenrun-a33bff7b-d0b0-4ac5-8221-484d147919e2] INFO  o.eclipse.m2e.core.internal.Bundles - getClasspathEntries(Bundle=javax.annotation_1.3.5.v20221112-0806 [16])
2023-06-08 19:42:49,813 [Worker-6: Launching mavenrun-a33bff7b-d0b0-4ac5-8221-484d147919e2] INFO  o.eclipse.m2e.core.internal.Bundles - 	Entry: C:\Users\sachi\.p2\pool\plugins\javax.annotation_1.3.5.v20221112-0806.jar
2023-06-08 19:42:49,815 [Worker-6: Launching mavenrun-a33bff7b-d0b0-4ac5-8221-484d147919e2] INFO  o.e.m.i.launch.MavenLaunchDelegate - Run build in "C:\Users\sachi\AppData\Local\Temp\m2e-archetypeGenerator10381069091669850392":
2023-06-08 19:42:49,819 [Worker-6: Launching mavenrun-a33bff7b-d0b0-4ac5-8221-484d147919e2] INFO  o.e.m.i.launch.MavenLaunchDelegate -  mvn  -DarchetypeGroupId=org.apache.maven.archetypes -DarchetypeArtifactId=maven-archetype-quickstart -DarchetypeVersion=1.1 -DgroupId=right.way.learning -DartifactId=first.application -Dversion=0.0.1-SNAPSHOT -Dpackage=right.way.learning.first.application -DoutputDirectory=D:\Spring_core -Dstyle.color=always -U archetype:generate
2023-06-08 19:43:04,246 [Worker-17: Creating maven-archetype-quickstart] INFO  o.e.m.c.i.p.ProjectConfigurationManager - Collecting project info '/pom.xml' D:\Spring_core\first.application\pom.xml
2023-06-08 19:43:08,305 [Worker-17: Creating maven-archetype-quickstart] INFO  o.e.m.c.i.l.LifecycleMappingFactory - Using org.eclipse.m2e.jdt.JarLifecycleMapping lifecycle mapping for MavenProject: right.way.learning:first.application:0.0.1-SNAPSHOT @ D:\Spring_core\first.application\pom.xml.
2023-06-08 19:43:09,772 [Worker-17: Creating maven-archetype-quickstart] INFO  o.e.m.j.i.AbstractJavaProjectConfigurator - Adding source folder /first.application/src/main/java
2023-06-08 19:43:09,781 [Worker-17: Creating maven-archetype-quickstart] INFO  o.e.m.j.i.AbstractJavaProjectConfigurator - Adding source folder /first.application/src/test/java
2023-06-08 19:43:09,906 [Worker-17: Creating maven-archetype-quickstart] INFO  o.e.m.c.i.p.ProjectConfigurationManager - Imported and configured 1 project(s) in 5 sec
2023-06-08 19:43:10,318 [Worker-10: Building] INFO  o.e.m.c.i.embedder.EclipseLogger - Using 'UTF-8' encoding to copy filtered resources.
2023-06-08 19:43:10,319 [Worker-10: Building] INFO  o.e.m.c.i.embedder.EclipseLogger - skip non existing resourceDirectory D:\Spring_core\first.application\src\main\resources
2023-06-08 19:43:10,323 [Worker-10: Building] INFO  o.e.m.c.i.embedder.EclipseLogger - Using 'UTF-8' encoding to copy filtered resources.
2023-06-08 19:43:10,323 [Worker-10: Building] INFO  o.e.m.c.i.embedder.EclipseLogger - skip non existing resourceDirectory D:\Spring_core\first.application\src\test\resources
2023-06-08 19:47:09,257 [Worker-27: Building] INFO  o.e.m.c.i.l.LifecycleMappingFactory - Using org.eclipse.m2e.jdt.JarLifecycleMapping lifecycle mapping for MavenProject: right.way.learning:first.application:0.0.1-SNAPSHOT @ D:\Spring_core\first.application\pom.xml.
2023-06-08 19:47:09,339 [Worker-27: Building] WARN  o.e.m.c.i.embedder.EclipseLogger - Using platform encoding (Cp1252 actually) to copy filtered resources, i.e. build is platform dependent!
2023-06-08 19:47:09,340 [Worker-27: Building] INFO  o.e.m.c.i.embedder.EclipseLogger - skip non existing resourceDirectory D:\Spring_core\first.application\src\main\resources
2023-06-08 19:47:09,343 [Worker-27: Building] WARN  o.e.m.c.i.embedder.EclipseLogger - Using platform encoding (Cp1252 actually) to copy filtered resources, i.e. build is platform dependent!
2023-06-08 19:47:09,344 [Worker-27: Building] INFO  o.e.m.c.i.embedder.EclipseLogger - skip non existing resourceDirectory D:\Spring_core\first.application\src\test\resources
2023-06-08 19:48:42,902 [Worker-10: Building] INFO  o.e.m.c.i.l.LifecycleMappingFactory - Using org.eclipse.m2e.jdt.JarLifecycleMapping lifecycle mapping for MavenProject: right.way.learning:first.application:0.0.1-SNAPSHOT @ D:\Spring_core\first.application\pom.xml.
2023-06-08 19:48:42,990 [Worker-10: Building] WARN  o.e.m.c.i.embedder.EclipseLogger - Using platform encoding (Cp1252 actually) to copy filtered resources, i.e. build is platform dependent!
2023-06-08 19:48:42,991 [Worker-10: Building] INFO  o.e.m.c.i.embedder.EclipseLogger - skip non existing resourceDirectory D:\Spring_core\first.application\src\main\resources
2023-06-08 19:48:42,993 [Worker-10: Building] WARN  o.e.m.c.i.embedder.EclipseLogger - Using platform encoding (Cp1252 actually) to copy filtered resources, i.e. build is platform dependent!
2023-06-08 19:48:42,994 [Worker-10: Building] INFO  o.e.m.c.i.embedder.EclipseLogger - skip non existing resourceDirectory D:\Spring_core\first.application\src\test\resources
2023-06-08 19:51:43,300 [Worker-9: Building] INFO  o.e.m.c.i.l.LifecycleMappingFactory - Using org.eclipse.m2e.jdt.JarLifecycleMapping lifecycle mapping for MavenProject: right.way.learning:first.application:0.0.1-SNAPSHOT @ D:\Spring_core\first.application\pom.xml.
2023-06-08 19:51:43,472 [Worker-9: Building] WARN  o.e.m.c.i.embedder.EclipseLogger - Using platform encoding (Cp1252 actually) to copy filtered resources, i.e. build is platform dependent!
2023-06-08 19:51:43,473 [Worker-9: Building] INFO  o.e.m.c.i.embedder.EclipseLogger - skip non existing resourceDirectory D:\Spring_core\first.application\src\main\resources
2023-06-08 19:51:43,474 [Worker-9: Building] WARN  o.e.m.c.i.embedder.EclipseLogger - Using platform encoding (Cp1252 actually) to copy filtered resources, i.e. build is platform dependent!
2023-06-08 19:51:43,480 [Worker-9: Building] INFO  o.e.m.c.i.embedder.EclipseLogger - skip non existing resourceDirectory D:\Spring_core\first.application\src\test\resources
2023-06-08 19:51:44,575 [Worker-9: Download sources and javadoc] INFO  o.e.m.c.i.e.AbstractTransferListenerAdapter - Downloading https://repo.maven.apache.org/maven2/org/springframework/spring-context/5.3.13/spring-context-5.3.13-sources.jar
2023-06-08 19:51:44,716 [Worker-22: Building] WARN  o.e.m.c.i.embedder.EclipseLogger - Using platform encoding (Cp1252 actually) to copy filtered resources, i.e. build is platform dependent!
2023-06-08 19:51:44,716 [Worker-22: Building] INFO  o.e.m.c.i.embedder.EclipseLogger - skip non existing resourceDirectory D:\Spring_core\first.application\src\main\resources
2023-06-08 19:51:44,717 [Worker-22: Building] WARN  o.e.m.c.i.embedder.EclipseLogger - Using platform encoding (Cp1252 actually) to copy filtered resources, i.e. build is platform dependent!
2023-06-08 19:51:44,718 [Worker-22: Building] INFO  o.e.m.c.i.embedder.EclipseLogger - skip non existing resourceDirectory D:\Spring_core\first.application\src\test\resources
2023-06-08 19:51:44,781 [Worker-9: Download sources and javadoc] INFO  o.e.m.c.i.e.AbstractTransferListenerAdapter - Downloaded https://repo.maven.apache.org/maven2/org/springframework/spring-context/5.3.13/spring-context-5.3.13-sources.jar
2023-06-08 19:51:44,783 [Worker-9: Download sources and javadoc] INFO  o.e.m.j.internal.DownloadSourcesJob - Downloaded sources for org.springframework:spring-context:5.3.13
2023-06-08 19:51:44,828 [Worker-9: Download sources and javadoc] INFO  o.e.m.c.i.e.AbstractTransferListenerAdapter - Downloading https://repo.maven.apache.org/maven2/org/springframework/spring-aop/5.3.13/spring-aop-5.3.13-sources.jar
2023-06-08 19:51:44,908 [Worker-9: Download sources and javadoc] INFO  o.e.m.c.i.e.AbstractTransferListenerAdapter - Downloaded https://repo.maven.apache.org/maven2/org/springframework/spring-aop/5.3.13/spring-aop-5.3.13-sources.jar
2023-06-08 19:51:44,910 [Worker-9: Download sources and javadoc] INFO  o.e.m.j.internal.DownloadSourcesJob - Downloaded sources for org.springframework:spring-aop:5.3.13
2023-06-08 19:51:44,950 [Worker-9: Download sources and javadoc] INFO  o.e.m.c.i.e.AbstractTransferListenerAdapter - Downloading https://repo.maven.apache.org/maven2/org/springframework/spring-beans/5.3.13/spring-beans-5.3.13-sources.jar
2023-06-08 19:51:45,044 [Worker-9: Download sources and javadoc] INFO  o.e.m.c.i.e.AbstractTransferListenerAdapter - Downloaded https://repo.maven.apache.org/maven2/org/springframework/spring-beans/5.3.13/spring-beans-5.3.13-sources.jar
2023-06-08 19:51:45,046 [Worker-9: Download sources and javadoc] INFO  o.e.m.j.internal.DownloadSourcesJob - Downloaded sources for org.springframework:spring-beans:5.3.13
2023-06-08 19:51:45,080 [Worker-9: Download sources and javadoc] INFO  o.e.m.c.i.e.AbstractTransferListenerAdapter - Downloading https://repo.maven.apache.org/maven2/org/springframework/spring-core/5.3.13/spring-core-5.3.13-sources.jar
2023-06-08 19:51:45,190 [Worker-9: Download sources and javadoc] INFO  o.e.m.c.i.e.AbstractTransferListenerAdapter - Downloaded https://repo.maven.apache.org/maven2/org/springframework/spring-core/5.3.13/spring-core-5.3.13-sources.jar
2023-06-08 19:51:45,191 [Worker-9: Download sources and javadoc] INFO  o.e.m.j.internal.DownloadSourcesJob - Downloaded sources for org.springframework:spring-core:5.3.13
2023-06-08 19:51:45,257 [Worker-9: Download sources and javadoc] INFO  o.e.m.c.i.e.AbstractTransferListenerAdapter - Downloading https://repo.maven.apache.org/maven2/org/springframework/spring-jcl/5.3.13/spring-jcl-5.3.13-sources.jar
2023-06-08 19:51:45,324 [Worker-9: Download sources and javadoc] INFO  o.e.m.c.i.e.AbstractTransferListenerAdapter - Downloaded https://repo.maven.apache.org/maven2/org/springframework/spring-jcl/5.3.13/spring-jcl-5.3.13-sources.jar
2023-06-08 19:51:45,325 [Worker-9: Download sources and javadoc] INFO  o.e.m.j.internal.DownloadSourcesJob - Downloaded sources for org.springframework:spring-jcl:5.3.13
2023-06-08 19:51:45,375 [Worker-9: Download sources and javadoc] INFO  o.e.m.c.i.e.AbstractTransferListenerAdapter - Downloading https://repo.maven.apache.org/maven2/org/springframework/spring-expression/5.3.13/spring-expression-5.3.13-sources.jar
2023-06-08 19:51:45,429 [Worker-9: Download sources and javadoc] INFO  o.e.m.c.i.e.AbstractTransferListenerAdapter - Downloaded https://repo.maven.apache.org/maven2/org/springframework/spring-expression/5.3.13/spring-expression-5.3.13-sources.jar
2023-06-08 19:51:45,430 [Worker-9: Download sources and javadoc] INFO  o.e.m.j.internal.DownloadSourcesJob - Downloaded sources for org.springframework:spring-expression:5.3.13
2023-06-08 19:51:45,790 [Worker-22: Building] WARN  o.e.m.c.i.embedder.EclipseLogger - Using platform encoding (Cp1252 actually) to copy filtered resources, i.e. build is platform dependent!
2023-06-08 19:51:45,791 [Worker-22: Building] INFO  o.e.m.c.i.embedder.EclipseLogger - skip non existing resourceDirectory D:\Spring_core\first.application\src\main\resources
2023-06-08 19:51:45,792 [Worker-22: Building] WARN  o.e.m.c.i.embedder.EclipseLogger - Using platform encoding (Cp1252 actually) to copy filtered resources, i.e. build is platform dependent!
2023-06-08 19:51:45,792 [Worker-22: Building] INFO  o.e.m.c.i.embedder.EclipseLogger - skip non existing resourceDirectory D:\Spring_core\first.application\src\test\resources
2023-06-08 19:51:57,301 [Worker-32: Building] INFO  o.e.m.c.i.l.LifecycleMappingFactory - Using org.eclipse.m2e.jdt.JarLifecycleMapping lifecycle mapping for MavenProject: right.way.learning:first.application:0.0.1-SNAPSHOT @ D:\Spring_core\first.application\pom.xml.
2023-06-08 19:51:57,384 [Worker-32: Building] WARN  o.e.m.c.i.embedder.EclipseLogger - Using platform encoding (Cp1252 actually) to copy filtered resources, i.e. build is platform dependent!
2023-06-08 19:51:57,385 [Worker-32: Building] INFO  o.e.m.c.i.embedder.EclipseLogger - skip non existing resourceDirectory D:\Spring_core\first.application\src\main\resources
2023-06-08 19:51:57,387 [Worker-32: Building] WARN  o.e.m.c.i.embedder.EclipseLogger - Using platform encoding (Cp1252 actually) to copy filtered resources, i.e. build is platform dependent!
2023-06-08 19:51:57,387 [Worker-32: Building] INFO  o.e.m.c.i.embedder.EclipseLogger - skip non existing resourceDirectory D:\Spring_core\first.application\src\test\resources
2023-06-08 19:54:30,284 [Worker-32: Building] INFO  o.e.m.c.i.l.LifecycleMappingFactory - Using org.eclipse.m2e.jdt.JarLifecycleMapping lifecycle mapping for MavenProject: right.way.learning:first.application:0.0.1-SNAPSHOT @ D:\Spring_core\first.application\pom.xml.
2023-06-08 19:54:30,415 [Worker-32: Building] WARN  o.e.m.c.i.embedder.EclipseLogger - Using platform encoding (Cp1252 actually) to copy filtered resources, i.e. build is platform dependent!
2023-06-08 19:54:30,417 [Worker-32: Building] INFO  o.e.m.c.i.embedder.EclipseLogger - skip non existing resourceDirectory D:\Spring_core\first.application\src\main\resources
2023-06-08 19:54:30,422 [Worker-32: Building] WARN  o.e.m.c.i.embedder.EclipseLogger - Using platform encoding (Cp1252 actually) to copy filtered resources, i.e. build is platform dependent!
2023-06-08 19:54:30,423 [Worker-32: Building] INFO  o.e.m.c.i.embedder.EclipseLogger - skip non existing resourceDirectory D:\Spring_core\first.application\src\test\resources
2023-06-08 19:54:31,906 [Worker-32: Building] WARN  o.e.m.c.i.embedder.EclipseLogger - Using platform encoding (Cp1252 actually) to copy filtered resources, i.e. build is platform dependent!
2023-06-08 19:54:31,906 [Worker-32: Building] INFO  o.e.m.c.i.embedder.EclipseLogger - skip non existing resourceDirectory D:\Spring_core\first.application\src\main\resources
2023-06-08 19:54:31,908 [Worker-32: Building] WARN  o.e.m.c.i.embedder.EclipseLogger - Using platform encoding (Cp1252 actually) to copy filtered resources, i.e. build is platform dependent!
2023-06-08 19:54:31,908 [Worker-32: Building] INFO  o.e.m.c.i.embedder.EclipseLogger - skip non existing resourceDirectory D:\Spring_core\first.application\src\test\resources
2023-06-08 19:54:33,294 [Worker-9: Building] INFO  o.e.m.c.i.l.LifecycleMappingFactory - Using org.eclipse.m2e.jdt.JarLifecycleMapping lifecycle mapping for MavenProject: right.way.learning:first.application:0.0.1-SNAPSHOT @ D:\Spring_core\first.application\pom.xml.
2023-06-08 19:54:33,422 [Worker-9: Building] WARN  o.e.m.c.i.embedder.EclipseLogger - Using platform encoding (Cp1252 actually) to copy filtered resources, i.e. build is platform dependent!
2023-06-08 19:54:33,423 [Worker-9: Building] INFO  o.e.m.c.i.embedder.EclipseLogger - skip non existing resourceDirectory D:\Spring_core\first.application\src\main\resources
2023-06-08 19:54:33,428 [Worker-9: Building] WARN  o.e.m.c.i.embedder.EclipseLogger - Using platform encoding (Cp1252 actually) to copy filtered resources, i.e. build is platform dependent!
2023-06-08 19:54:33,429 [Worker-9: Building] INFO  o.e.m.c.i.embedder.EclipseLogger - skip non existing resourceDirectory D:\Spring_core\first.application\src\test\resources
2023-06-08 19:54:34,712 [Worker-22: Building] WARN  o.e.m.c.i.embedder.EclipseLogger - Using platform encoding (Cp1252 actually) to copy filtered resources, i.e. build is platform dependent!
2023-06-08 19:54:34,712 [Worker-22: Building] INFO  o.e.m.c.i.embedder.EclipseLogger - skip non existing resourceDirectory D:\Spring_core\first.application\src\main\resources
2023-06-08 19:54:34,715 [Worker-22: Building] WARN  o.e.m.c.i.embedder.EclipseLogger - Using platform encoding (Cp1252 actually) to copy filtered resources, i.e. build is platform dependent!
2023-06-08 19:54:34,716 [Worker-22: Building] INFO  o.e.m.c.i.embedder.EclipseLogger - skip non existing resourceDirectory D:\Spring_core\first.application\src\test\resources
2023-06-08 19:56:22,712 [Worker-22: Building] WARN  o.e.m.c.i.embedder.EclipseLogger - Using platform encoding (Cp1252 actually) to copy filtered resources, i.e. build is platform dependent!
2023-06-08 19:56:22,713 [Worker-22: Building] INFO  o.e.m.c.i.embedder.EclipseLogger - skip non existing resourceDirectory D:\Spring_core\first.application\src\main\resources
2023-06-08 19:56:22,714 [Worker-22: Building] WARN  o.e.m.c.i.embedder.EclipseLogger - Using platform encoding (Cp1252 actually) to copy filtered resources, i.e. build is platform dependent!
2023-06-08 19:56:22,715 [Worker-22: Building] INFO  o.e.m.c.i.embedder.EclipseLogger - skip non existing resourceDirectory D:\Spring_core\first.application\src\test\resources
2023-06-08 19:57:10,639 [Worker-32: Building] WARN  o.e.m.c.i.embedder.EclipseLogger - Using platform encoding (Cp1252 actually) to copy filtered resources, i.e. build is platform dependent!
2023-06-08 19:57:10,640 [Worker-32: Building] INFO  o.e.m.c.i.embedder.EclipseLogger - skip non existing resourceDirectory D:\Spring_core\first.application\src\main\resources
2023-06-08 19:57:10,642 [Worker-32: Building] WARN  o.e.m.c.i.embedder.EclipseLogger - Using platform encoding (Cp1252 actually) to copy filtered resources, i.e. build is platform dependent!
2023-06-08 19:57:10,643 [Worker-32: Building] INFO  o.e.m.c.i.embedder.EclipseLogger - skip non existing resourceDirectory D:\Spring_core\first.application\src\test\resources
2023-06-08 19:57:57,281 [Worker-32: Building] WARN  o.e.m.c.i.embedder.EclipseLogger - Using platform encoding (Cp1252 actually) to copy filtered resources, i.e. build is platform dependent!
2023-06-08 19:57:57,282 [Worker-32: Building] INFO  o.e.m.c.i.embedder.EclipseLogger - skip non existing resourceDirectory D:\Spring_core\first.application\src\main\resources
2023-06-08 19:57:57,284 [Worker-32: Building] WARN  o.e.m.c.i.embedder.EclipseLogger - Using platform encoding (Cp1252 actually) to copy filtered resources, i.e. build is platform dependent!
2023-06-08 19:57:57,285 [Worker-32: Building] INFO  o.e.m.c.i.embedder.EclipseLogger - skip non existing resourceDirectory D:\Spring_core\first.application\src\test\resources
2023-06-08 19:58:00,343 [Worker-22: Building] WARN  o.e.m.c.i.embedder.EclipseLogger - Using platform encoding (Cp1252 actually) to copy filtered resources, i.e. build is platform dependent!
2023-06-08 19:58:00,344 [Worker-22: Building] INFO  o.e.m.c.i.embedder.EclipseLogger - skip non existing resourceDirectory D:\Spring_core\first.application\src\main\resources
2023-06-08 19:58:00,345 [Worker-22: Building] WARN  o.e.m.c.i.embedder.EclipseLogger - Using platform encoding (Cp1252 actually) to copy filtered resources, i.e. build is platform dependent!
2023-06-08 19:58:00,345 [Worker-22: Building] INFO  o.e.m.c.i.embedder.EclipseLogger - skip non existing resourceDirectory D:\Spring_core\first.application\src\test\resources
2023-06-08 19:58:26,936 [Worker-22: Building] WARN  o.e.m.c.i.embedder.EclipseLogger - Using platform encoding (Cp1252 actually) to copy filtered resources, i.e. build is platform dependent!
2023-06-08 19:58:26,937 [Worker-22: Building] INFO  o.e.m.c.i.embedder.EclipseLogger - skip non existing resourceDirectory D:\Spring_core\first.application\src\main\resources
2023-06-08 19:58:26,939 [Worker-22: Building] WARN  o.e.m.c.i.embedder.EclipseLogger - Using platform encoding (Cp1252 actually) to copy filtered resources, i.e. build is platform dependent!
2023-06-08 19:58:26,940 [Worker-22: Building] INFO  o.e.m.c.i.embedder.EclipseLogger - skip non existing resourceDirectory D:\Spring_core\first.application\src\test\resources
2023-06-08 19:58:54,955 [Worker-32: Building] WARN  o.e.m.c.i.embedder.EclipseLogger - Using platform encoding (Cp1252 actually) to copy filtered resources, i.e. build is platform dependent!
2023-06-08 19:58:54,956 [Worker-32: Building] INFO  o.e.m.c.i.embedder.EclipseLogger - skip non existing resourceDirectory D:\Spring_core\first.application\src\main\resources
2023-06-08 19:58:54,958 [Worker-32: Building] WARN  o.e.m.c.i.embedder.EclipseLogger - Using platform encoding (Cp1252 actually) to copy filtered resources, i.e. build is platform dependent!
2023-06-08 19:58:54,959 [Worker-32: Building] INFO  o.e.m.c.i.embedder.EclipseLogger - skip non existing resourceDirectory D:\Spring_core\first.application\src\test\resources
2023-06-08 19:59:44,646 [Worker-9: Building] WARN  o.e.m.c.i.embedder.EclipseLogger - Using platform encoding (Cp1252 actually) to copy filtered resources, i.e. build is platform dependent!
2023-06-08 19:59:44,647 [Worker-9: Building] INFO  o.e.m.c.i.embedder.EclipseLogger - skip non existing resourceDirectory D:\Spring_core\first.application\src\main\resources
2023-06-08 19:59:44,648 [Worker-9: Building] WARN  o.e.m.c.i.embedder.EclipseLogger - Using platform encoding (Cp1252 actually) to copy filtered resources, i.e. build is platform dependent!
2023-06-08 19:59:44,649 [Worker-9: Building] INFO  o.e.m.c.i.embedder.EclipseLogger - skip non existing resourceDirectory D:\Spring_core\first.application\src\test\resources
2023-06-08 20:00:08,399 [Worker-33: Building] WARN  o.e.m.c.i.embedder.EclipseLogger - Using platform encoding (Cp1252 actually) to copy filtered resources, i.e. build is platform dependent!
2023-06-08 20:00:08,400 [Worker-33: Building] INFO  o.e.m.c.i.embedder.EclipseLogger - skip non existing resourceDirectory D:\Spring_core\first.application\src\main\resources
2023-06-08 20:00:08,402 [Worker-33: Building] WARN  o.e.m.c.i.embedder.EclipseLogger - Using platform encoding (Cp1252 actually) to copy filtered resources, i.e. build is platform dependent!
2023-06-08 20:00:08,402 [Worker-33: Building] INFO  o.e.m.c.i.embedder.EclipseLogger - skip non existing resourceDirectory D:\Spring_core\first.application\src\test\resources
2023-06-08 20:01:18,133 [Worker-31: Building] WARN  o.e.m.c.i.embedder.EclipseLogger - Using platform encoding (Cp1252 actually) to copy filtered resources, i.e. build is platform dependent!
2023-06-08 20:01:18,134 [Worker-31: Building] INFO  o.e.m.c.i.embedder.EclipseLogger - skip non existing resourceDirectory D:\Spring_core\first.application\src\main\resources
2023-06-08 20:01:18,138 [Worker-31: Building] WARN  o.e.m.c.i.embedder.EclipseLogger - Using platform encoding (Cp1252 actually) to copy filtered resources, i.e. build is platform dependent!
2023-06-08 20:01:18,140 [Worker-31: Building] INFO  o.e.m.c.i.embedder.EclipseLogger - skip non existing resourceDirectory D:\Spring_core\first.application\src\test\resources
2023-06-08 20:05:47,102 [Worker-31: Building] WARN  o.e.m.c.i.embedder.EclipseLogger - Using platform encoding (Cp1252 actually) to copy filtered resources, i.e. build is platform dependent!
2023-06-08 20:05:47,103 [Worker-31: Building] INFO  o.e.m.c.i.embedder.EclipseLogger - skip non existing resourceDirectory D:\Spring_core\first.application\src\main\resources
2023-06-08 20:05:47,104 [Worker-31: Building] WARN  o.e.m.c.i.embedder.EclipseLogger - Using platform encoding (Cp1252 actually) to copy filtered resources, i.e. build is platform dependent!
2023-06-08 20:05:47,105 [Worker-31: Building] INFO  o.e.m.c.i.embedder.EclipseLogger - skip non existing resourceDirectory D:\Spring_core\first.application\src\test\resources
2023-06-08 20:06:54,806 [Worker-34: Building] WARN  o.e.m.c.i.embedder.EclipseLogger - Using platform encoding (Cp1252 actually) to copy filtered resources, i.e. build is platform dependent!
2023-06-08 20:06:54,807 [Worker-34: Building] INFO  o.e.m.c.i.embedder.EclipseLogger - skip non existing resourceDirectory D:\Spring_core\first.application\src\main\resources
2023-06-08 20:06:54,808 [Worker-34: Building] WARN  o.e.m.c.i.embedder.EclipseLogger - Using platform encoding (Cp1252 actually) to copy filtered resources, i.e. build is platform dependent!
2023-06-08 20:06:54,808 [Worker-34: Building] INFO  o.e.m.c.i.embedder.EclipseLogger - skip non existing resourceDirectory D:\Spring_core\first.application\src\test\resources
2023-06-08 20:07:47,080 [Worker-34: Building] WARN  o.e.m.c.i.embedder.EclipseLogger - Using platform encoding (Cp1252 actually) to copy filtered resources, i.e. build is platform dependent!
2023-06-08 20:07:47,081 [Worker-34: Building] INFO  o.e.m.c.i.embedder.EclipseLogger - skip non existing resourceDirectory D:\Spring_core\first.application\src\main\resources
2023-06-08 20:07:47,082 [Worker-34: Building] WARN  o.e.m.c.i.embedder.EclipseLogger - Using platform encoding (Cp1252 actually) to copy filtered resources, i.e. build is platform dependent!
2023-06-08 20:07:47,082 [Worker-34: Building] INFO  o.e.m.c.i.embedder.EclipseLogger - skip non existing resourceDirectory D:\Spring_core\first.application\src\test\resources
2023-06-08 20:08:06,936 [Worker-36: Building] WARN  o.e.m.c.i.embedder.EclipseLogger - Using platform encoding (Cp1252 actually) to copy filtered resources, i.e. build is platform dependent!
2023-06-08 20:08:06,937 [Worker-36: Building] INFO  o.e.m.c.i.embedder.EclipseLogger - skip non existing resourceDirectory D:\Spring_core\first.application\src\main\resources
2023-06-08 20:08:06,938 [Worker-36: Building] WARN  o.e.m.c.i.embedder.EclipseLogger - Using platform encoding (Cp1252 actually) to copy filtered resources, i.e. build is platform dependent!
2023-06-08 20:08:06,939 [Worker-36: Building] INFO  o.e.m.c.i.embedder.EclipseLogger - skip non existing resourceDirectory D:\Spring_core\first.application\src\test\resources
2023-06-08 20:08:38,048 [Worker-36: Building] WARN  o.e.m.c.i.embedder.EclipseLogger - Using platform encoding (Cp1252 actually) to copy filtered resources, i.e. build is platform dependent!
2023-06-08 20:08:38,048 [Worker-36: Building] INFO  o.e.m.c.i.embedder.EclipseLogger - skip non existing resourceDirectory D:\Spring_core\first.application\src\main\resources
2023-06-08 20:08:38,051 [Worker-36: Building] WARN  o.e.m.c.i.embedder.EclipseLogger - Using platform encoding (Cp1252 actually) to copy filtered resources, i.e. build is platform dependent!
2023-06-08 20:08:38,051 [Worker-36: Building] INFO  o.e.m.c.i.embedder.EclipseLogger - skip non existing resourceDirectory D:\Spring_core\first.application\src\test\resources
2023-06-08 20:09:27,416 [Worker-36: Building] WARN  o.e.m.c.i.embedder.EclipseLogger - Using platform encoding (Cp1252 actually) to copy filtered resources, i.e. build is platform dependent!
2023-06-08 20:09:27,417 [Worker-36: Building] INFO  o.e.m.c.i.embedder.EclipseLogger - skip non existing resourceDirectory D:\Spring_core\first.application\src\main\resources
2023-06-08 20:09:27,419 [Worker-36: Building] WARN  o.e.m.c.i.embedder.EclipseLogger - Using platform encoding (Cp1252 actually) to copy filtered resources, i.e. build is platform dependent!
2023-06-08 20:09:27,420 [Worker-36: Building] INFO  o.e.m.c.i.embedder.EclipseLogger - skip non existing resourceDirectory D:\Spring_core\first.application\src\test\resources
2023-06-08 20:10:34,487 [Worker-35: Building] WARN  o.e.m.c.i.embedder.EclipseLogger - Using platform encoding (Cp1252 actually) to copy filtered resources, i.e. build is platform dependent!
2023-06-08 20:10:34,487 [Worker-35: Building] INFO  o.e.m.c.i.embedder.EclipseLogger - skip non existing resourceDirectory D:\Spring_core\first.application\src\main\resources
2023-06-08 20:10:34,489 [Worker-35: Building] WARN  o.e.m.c.i.embedder.EclipseLogger - Using platform encoding (Cp1252 actually) to copy filtered resources, i.e. build is platform dependent!
2023-06-08 20:10:34,489 [Worker-35: Building] INFO  o.e.m.c.i.embedder.EclipseLogger - skip non existing resourceDirectory D:\Spring_core\first.application\src\test\resources
